{"timestamp":"2025-11-27T05:20:00.902809Z","level":"info","event":"DAG bundles loaded: dags-folder, example_dags","logger":"airflow.dag_processing.bundles.manager.DagBundlesManager","filename":"manager.py","lineno":179}
{"timestamp":"2025-11-27T05:20:00.904559Z","level":"info","event":"Filling up the DagBag from /opt/airflow/dags/vietrace_automated.py","logger":"airflow.models.dagbag.DagBag","filename":"dagbag.py","lineno":593}
{"timestamp":"2025-11-27T05:20:01.129449Z","level":"info","event":"Task instance is in running state","logger":"task.stdout"}
{"timestamp":"2025-11-27T05:20:01.130416Z","level":"info","event":" Previous state of the Task instance: TaskInstanceState.QUEUED","logger":"task.stdout"}
{"timestamp":"2025-11-27T05:20:01.131087Z","level":"info","event":"Current task name:scrape","logger":"task.stdout"}
{"timestamp":"2025-11-27T05:20:01.131509Z","level":"info","event":"Dag name:automated_vietrace_scraper","logger":"task.stdout"}
{"timestamp":"2025-11-27T05:20:04.928017Z","level":"info","event":"Processing page 1","logger":"root","filename":"vietrace_automated.py","lineno":76}
{"timestamp":"2025-11-27T05:20:07.218646Z","level":"info","event":"Found 10 visible athletes on page 1","logger":"root","filename":"vietrace_automated.py","lineno":89}
{"timestamp":"2025-11-27T05:20:07.812080Z","level":"info","event":"Processed: 1 - Phan Mai Đức","logger":"root","filename":"vietrace_automated.py","lineno":130}
{"timestamp":"2025-11-27T05:20:08.413989Z","level":"info","event":"Processed: 2 - VU XUAN NAM","logger":"root","filename":"vietrace_automated.py","lineno":130}
{"timestamp":"2025-11-27T05:20:08.955925Z","level":"info","event":"Processed: 3 - TINH CHAU NGOC","logger":"root","filename":"vietrace_automated.py","lineno":130}
{"timestamp":"2025-11-27T05:20:09.487474Z","level":"info","event":"Processed: 4 - Phạm Kiên","logger":"root","filename":"vietrace_automated.py","lineno":130}
{"timestamp":"2025-11-27T05:20:10.004439Z","level":"info","event":"Processed: 5 - DUNG TRAN QUANG","logger":"root","filename":"vietrace_automated.py","lineno":130}
{"timestamp":"2025-11-27T05:20:10.512534Z","level":"info","event":"Processed: 6 - Bùi Hà","logger":"root","filename":"vietrace_automated.py","lineno":130}
{"timestamp":"2025-11-27T05:20:10.966044Z","level":"info","event":"Processed: 7 - Nguyễn Xuân Tú","logger":"root","filename":"vietrace_automated.py","lineno":130}
{"timestamp":"2025-11-27T05:20:11.442015Z","level":"info","event":"Processed: 8 - Manh Nguyen","logger":"root","filename":"vietrace_automated.py","lineno":130}
{"timestamp":"2025-11-27T05:20:12.008429Z","level":"info","event":"Processed: 9 - NGUYEN HOANG DIEU","logger":"root","filename":"vietrace_automated.py","lineno":130}
{"timestamp":"2025-11-27T05:20:12.457737Z","level":"info","event":"Processed: 10 - Hoang Phuong","logger":"root","filename":"vietrace_automated.py","lineno":130}
{"timestamp":"2025-11-27T05:20:12.532304Z","level":"info","event":"Total pagination elements: 15","logger":"root","filename":"vietrace_automated.py","lineno":152}
{"timestamp":"2025-11-27T05:20:14.754031Z","level":"info","event":"Processing page 2","logger":"root","filename":"vietrace_automated.py","lineno":76}
{"timestamp":"2025-11-27T05:20:16.969020Z","level":"info","event":"Found 10 visible athletes on page 2","logger":"root","filename":"vietrace_automated.py","lineno":89}
{"timestamp":"2025-11-27T05:20:17.558750Z","level":"info","event":"Processed: 11 - Nguyễn Trúc Tùng","logger":"root","filename":"vietrace_automated.py","lineno":130}
{"timestamp":"2025-11-27T05:20:18.072994Z","level":"info","event":"Processed: 12 - DO THI PHUONG LAN","logger":"root","filename":"vietrace_automated.py","lineno":130}
{"timestamp":"2025-11-27T05:20:18.579864Z","level":"info","event":"Processed: 13 - NGUYEN TAN TAI","logger":"root","filename":"vietrace_automated.py","lineno":130}
{"timestamp":"2025-11-27T05:20:19.052978Z","level":"info","event":"Processed: 14 - Nguyen Tran Xuan","logger":"root","filename":"vietrace_automated.py","lineno":130}
{"timestamp":"2025-11-27T05:20:19.509030Z","level":"info","event":"Processed: 15 - Nguyen Mi","logger":"root","filename":"vietrace_automated.py","lineno":130}
{"timestamp":"2025-11-27T05:20:20.015937Z","level":"info","event":"Processed: 16 - NGUYEN THI KIM DUY","logger":"root","filename":"vietrace_automated.py","lineno":130}
{"timestamp":"2025-11-27T05:20:20.519986Z","level":"info","event":"Processed: 17 - DOAN CONG DANH","logger":"root","filename":"vietrace_automated.py","lineno":130}
{"timestamp":"2025-11-27T05:20:21.071522Z","level":"info","event":"Processed: 18 - NAM MAI PHUONG","logger":"root","filename":"vietrace_automated.py","lineno":130}
{"timestamp":"2025-11-27T05:20:21.605758Z","level":"info","event":"Processed: 19 - Nguyễn Công","logger":"root","filename":"vietrace_automated.py","lineno":130}
{"timestamp":"2025-11-27T05:20:22.200361Z","level":"info","event":"Processed: 20 - Nguyễn Thao","logger":"root","filename":"vietrace_automated.py","lineno":130}
{"timestamp":"2025-11-27T05:20:22.275862Z","level":"info","event":"Total pagination elements: 15","logger":"root","filename":"vietrace_automated.py","lineno":152}
{"timestamp":"2025-11-27T05:20:24.570268Z","level":"info","event":"Processing page 3","logger":"root","filename":"vietrace_automated.py","lineno":76}
{"timestamp":"2025-11-27T05:20:26.759397Z","level":"info","event":"Found 10 visible athletes on page 3","logger":"root","filename":"vietrace_automated.py","lineno":89}
{"timestamp":"2025-11-27T05:20:27.182915Z","level":"info","event":"Processed: 21 - TRAN MINH LONG","logger":"root","filename":"vietrace_automated.py","lineno":130}
{"timestamp":"2025-11-27T05:20:27.696740Z","level":"info","event":"Processed: 22 - Vũ Dung","logger":"root","filename":"vietrace_automated.py","lineno":130}
{"timestamp":"2025-11-27T05:20:28.155205Z","level":"info","event":"Processed: 23 - NHUNG DAO T HONG","logger":"root","filename":"vietrace_automated.py","lineno":130}
{"timestamp":"2025-11-27T05:20:28.589361Z","level":"info","event":"Processed: 24 - NGUYEN CAO CHI","logger":"root","filename":"vietrace_automated.py","lineno":130}
{"timestamp":"2025-11-27T05:20:29.057904Z","level":"info","event":"Processed: 25 - Lê Tươi","logger":"root","filename":"vietrace_automated.py","lineno":130}
{"timestamp":"2025-11-27T05:20:29.545446Z","level":"info","event":"Processed: 26 - Khai Nguyen","logger":"root","filename":"vietrace_automated.py","lineno":130}
{"timestamp":"2025-11-27T05:20:29.990729Z","level":"info","event":"Processed: 27 - HO SY SON KA","logger":"root","filename":"vietrace_automated.py","lineno":130}
{"timestamp":"2025-11-27T05:20:30.433901Z","level":"info","event":"Processed: 28 - TRA HUYNH THANH","logger":"root","filename":"vietrace_automated.py","lineno":130}
{"timestamp":"2025-11-27T05:20:30.879673Z","level":"info","event":"Processed: 29 - NGUYET NGUYEN THAN MINH","logger":"root","filename":"vietrace_automated.py","lineno":130}
{"timestamp":"2025-11-27T05:20:31.350020Z","level":"info","event":"Processed: 30 - H20 Hana","logger":"root","filename":"vietrace_automated.py","lineno":130}
{"timestamp":"2025-11-27T05:20:31.411000Z","level":"info","event":"Total pagination elements: 15","logger":"root","filename":"vietrace_automated.py","lineno":152}
{"timestamp":"2025-11-27T05:20:33.622047Z","level":"info","event":"Processing page 4","logger":"root","filename":"vietrace_automated.py","lineno":76}
{"timestamp":"2025-11-27T05:20:35.812389Z","level":"info","event":"Found 10 visible athletes on page 4","logger":"root","filename":"vietrace_automated.py","lineno":89}
{"timestamp":"2025-11-27T05:20:36.258963Z","level":"info","event":"Processed: 31 - Phạm Chi","logger":"root","filename":"vietrace_automated.py","lineno":130}
{"timestamp":"2025-11-27T05:20:36.784715Z","level":"info","event":"Processed: 32 - NGUYỄN NHƯ TRỌNG","logger":"root","filename":"vietrace_automated.py","lineno":130}
{"timestamp":"2025-11-27T05:20:37.219588Z","level":"info","event":"Processed: 33 - Nguyễn Quốc Hải","logger":"root","filename":"vietrace_automated.py","lineno":130}
{"timestamp":"2025-11-27T05:20:37.647827Z","level":"info","event":"Processed: 34 - QUYNH VO NGOC NHU","logger":"root","filename":"vietrace_automated.py","lineno":130}
{"timestamp":"2025-11-27T05:20:38.119533Z","level":"info","event":"Processed: 35 - HAI NGUYEN VIET","logger":"root","filename":"vietrace_automated.py","lineno":130}
{"timestamp":"2025-11-27T05:20:38.606119Z","level":"info","event":"Processed: 36 - THU VÂN","logger":"root","filename":"vietrace_automated.py","lineno":130}
{"timestamp":"2025-11-27T05:20:39.108694Z","level":"info","event":"Processed: 37 - NGUYEN SONG QUYNH MY","logger":"root","filename":"vietrace_automated.py","lineno":130}
{"timestamp":"2025-11-27T05:20:39.593594Z","level":"info","event":"Processed: 38 - LAM NGOC LONG","logger":"root","filename":"vietrace_automated.py","lineno":130}
{"timestamp":"2025-11-27T05:20:40.148389Z","level":"info","event":"Processed: 39 - Vũ Tường","logger":"root","filename":"vietrace_automated.py","lineno":130}
{"timestamp":"2025-11-27T05:20:40.731673Z","level":"info","event":"Processed: 40 - Nguyen Hung","logger":"root","filename":"vietrace_automated.py","lineno":130}
{"timestamp":"2025-11-27T05:20:40.800390Z","level":"info","event":"Total pagination elements: 15","logger":"root","filename":"vietrace_automated.py","lineno":152}
{"timestamp":"2025-11-27T05:20:43.030485Z","level":"info","event":"Processing page 5","logger":"root","filename":"vietrace_automated.py","lineno":76}
{"timestamp":"2025-11-27T05:20:45.295410Z","level":"info","event":"Found 10 visible athletes on page 5","logger":"root","filename":"vietrace_automated.py","lineno":89}
{"timestamp":"2025-11-27T05:20:45.843656Z","level":"info","event":"Processed: 41 - Nguyễn Duy","logger":"root","filename":"vietrace_automated.py","lineno":130}
{"timestamp":"2025-11-27T05:20:46.420466Z","level":"info","event":"Processed: 42 - DAO THI MAI","logger":"root","filename":"vietrace_automated.py","lineno":130}
{"timestamp":"2025-11-27T05:20:46.953918Z","level":"info","event":"Processed: 43 - NGUYEN MINH NHAT","logger":"root","filename":"vietrace_automated.py","lineno":130}
{"timestamp":"2025-11-27T05:20:47.507240Z","level":"info","event":"Processed: 44 - LY LE DIEU","logger":"root","filename":"vietrace_automated.py","lineno":130}
{"timestamp":"2025-11-27T05:20:48.053756Z","level":"info","event":"Processed: 45 - SON PHAM THANH","logger":"root","filename":"vietrace_automated.py","lineno":130}
{"timestamp":"2025-11-27T05:20:48.592458Z","level":"info","event":"Processed: 46 - Vũ Tuấn Anh","logger":"root","filename":"vietrace_automated.py","lineno":130}
{"timestamp":"2025-11-27T05:20:49.133080Z","level":"info","event":"Processed: 47 - Dat Nguyen Trong","logger":"root","filename":"vietrace_automated.py","lineno":130}
{"timestamp":"2025-11-27T05:20:49.657236Z","level":"info","event":"Processed: 48 - THAI NGUYEN VAN","logger":"root","filename":"vietrace_automated.py","lineno":130}
{"timestamp":"2025-11-27T05:20:50.200421Z","level":"info","event":"Processed: 49 - NGUYỄN HỒNG SANH","logger":"root","filename":"vietrace_automated.py","lineno":130}
{"timestamp":"2025-11-27T05:20:50.779481Z","level":"info","event":"Processed: 50 - Son Pham Thi Thanh","logger":"root","filename":"vietrace_automated.py","lineno":130}
{"timestamp":"2025-11-27T05:20:50.858076Z","level":"info","event":"Total pagination elements: 15","logger":"root","filename":"vietrace_automated.py","lineno":152}
{"timestamp":"2025-11-27T05:20:53.100583Z","level":"info","event":"Processing page 6","logger":"root","filename":"vietrace_automated.py","lineno":76}
{"timestamp":"2025-11-27T05:20:55.344064Z","level":"info","event":"Found 10 visible athletes on page 6","logger":"root","filename":"vietrace_automated.py","lineno":89}
{"timestamp":"2025-11-27T05:20:55.874556Z","level":"info","event":"Processed: 51 - CHIEN NGUYEN VAN","logger":"root","filename":"vietrace_automated.py","lineno":130}
{"timestamp":"2025-11-27T05:20:56.429246Z","level":"info","event":"Processed: 52 - Lam Nguy","logger":"root","filename":"vietrace_automated.py","lineno":130}
{"timestamp":"2025-11-27T05:20:56.979364Z","level":"info","event":"Processed: 53 - Le Cong","logger":"root","filename":"vietrace_automated.py","lineno":130}
{"timestamp":"2025-11-27T05:20:57.504292Z","level":"info","event":"Processed: 54 - Thuy Hong Duong","logger":"root","filename":"vietrace_automated.py","lineno":130}
{"timestamp":"2025-11-27T05:20:57.965776Z","level":"info","event":"Processed: 55 - Nguyễn Hoàng Nam","logger":"root","filename":"vietrace_automated.py","lineno":130}
{"timestamp":"2025-11-27T05:20:58.457577Z","level":"info","event":"Processed: 56 - HUYNH NGUYET THU","logger":"root","filename":"vietrace_automated.py","lineno":130}
{"timestamp":"2025-11-27T05:20:58.944163Z","level":"info","event":"Processed: 57 - BACH MAI XUAN","logger":"root","filename":"vietrace_automated.py","lineno":130}
{"timestamp":"2025-11-27T05:20:59.381557Z","level":"info","event":"Processed: 58 - Trương Tuấn","logger":"root","filename":"vietrace_automated.py","lineno":130}
{"timestamp":"2025-11-27T05:20:59.946094Z","level":"info","event":"Processed: 59 - DUNG NGUYEN TIEN","logger":"root","filename":"vietrace_automated.py","lineno":130}
{"timestamp":"2025-11-27T05:21:00.473076Z","level":"info","event":"Processed: 60 - Thuy Dinh Thi Thanh","logger":"root","filename":"vietrace_automated.py","lineno":130}
{"timestamp":"2025-11-27T05:21:00.551522Z","level":"info","event":"Total pagination elements: 16","logger":"root","filename":"vietrace_automated.py","lineno":152}
{"timestamp":"2025-11-27T05:21:02.798655Z","level":"info","event":"Processing page 7","logger":"root","filename":"vietrace_automated.py","lineno":76}
{"timestamp":"2025-11-27T05:21:05.049927Z","level":"info","event":"Found 10 visible athletes on page 7","logger":"root","filename":"vietrace_automated.py","lineno":89}
{"timestamp":"2025-11-27T05:21:05.553683Z","level":"info","event":"Processed: 61 - HUỲNH GIANG","logger":"root","filename":"vietrace_automated.py","lineno":130}
{"timestamp":"2025-11-27T05:21:06.041984Z","level":"info","event":"Processed: 62 - TRINH NGOC Y","logger":"root","filename":"vietrace_automated.py","lineno":130}
{"timestamp":"2025-11-27T05:21:06.579280Z","level":"info","event":"Processed: 63 - TRAN THANH HA","logger":"root","filename":"vietrace_automated.py","lineno":130}
{"timestamp":"2025-11-27T05:21:07.116228Z","level":"info","event":"Processed: 64 - THANH DO SY","logger":"root","filename":"vietrace_automated.py","lineno":130}
{"timestamp":"2025-11-27T05:21:07.597085Z","level":"info","event":"Processed: 65 - LE DINH DUC TRONG","logger":"root","filename":"vietrace_automated.py","lineno":130}
{"timestamp":"2025-11-27T05:21:08.101543Z","level":"info","event":"Processed: 66 - DUNG NGUYEN TUAN","logger":"root","filename":"vietrace_automated.py","lineno":130}
{"timestamp":"2025-11-27T05:21:08.596095Z","level":"info","event":"Processed: 67 - Vo Thuy Trang","logger":"root","filename":"vietrace_automated.py","lineno":130}
{"timestamp":"2025-11-27T05:21:09.080995Z","level":"info","event":"Processed: 68 - HAN PHAM BAO","logger":"root","filename":"vietrace_automated.py","lineno":130}
{"timestamp":"2025-11-27T05:21:09.526131Z","level":"info","event":"Processed: 69 - PHAM THI THU TRANG","logger":"root","filename":"vietrace_automated.py","lineno":130}
{"timestamp":"2025-11-27T05:21:10.002875Z","level":"info","event":"Processed: 70 - Hai Pham Ngoc","logger":"root","filename":"vietrace_automated.py","lineno":130}
{"timestamp":"2025-11-27T05:21:10.065080Z","level":"info","event":"Total pagination elements: 16","logger":"root","filename":"vietrace_automated.py","lineno":152}
{"timestamp":"2025-11-27T05:21:12.300869Z","level":"info","event":"Processing page 8","logger":"root","filename":"vietrace_automated.py","lineno":76}
{"timestamp":"2025-11-27T05:21:14.526329Z","level":"info","event":"Found 10 visible athletes on page 8","logger":"root","filename":"vietrace_automated.py","lineno":89}
{"timestamp":"2025-11-27T05:21:14.981188Z","level":"info","event":"Processed: 71 - NHI TRAN NGOC YEN","logger":"root","filename":"vietrace_automated.py","lineno":130}
{"timestamp":"2025-11-27T05:21:15.461388Z","level":"info","event":"Processed: 72 - VY MAN","logger":"root","filename":"vietrace_automated.py","lineno":130}
{"timestamp":"2025-11-27T05:21:15.930941Z","level":"info","event":"Processed: 73 - LE DANG THUC","logger":"root","filename":"vietrace_automated.py","lineno":130}
{"timestamp":"2025-11-27T05:21:16.409983Z","level":"info","event":"Processed: 74 - LUONG PHAM BA","logger":"root","filename":"vietrace_automated.py","lineno":130}
{"timestamp":"2025-11-27T05:21:16.872646Z","level":"info","event":"Processed: 75 - AN LE DINH TRUONG","logger":"root","filename":"vietrace_automated.py","lineno":130}
{"timestamp":"2025-11-27T05:21:17.363598Z","level":"info","event":"Processed: 76 - LIEM HOANG HAI","logger":"root","filename":"vietrace_automated.py","lineno":130}
{"timestamp":"2025-11-27T05:21:17.874036Z","level":"info","event":"Processed: 77 - TUẤN NGUYỄN VĂN","logger":"root","filename":"vietrace_automated.py","lineno":130}
{"timestamp":"2025-11-27T05:21:18.377782Z","level":"info","event":"Processed: 78 - Nguyễn Thị Hoàng Diệu","logger":"root","filename":"vietrace_automated.py","lineno":130}
{"timestamp":"2025-11-27T05:21:18.854449Z","level":"info","event":"Processed: 79 - Khiem Nguyen Trong","logger":"root","filename":"vietrace_automated.py","lineno":130}
{"timestamp":"2025-11-27T05:21:19.372544Z","level":"info","event":"Processed: 80 - Nguyen Minh Duc","logger":"root","filename":"vietrace_automated.py","lineno":130}
{"timestamp":"2025-11-27T05:21:19.435459Z","level":"info","event":"Total pagination elements: 16","logger":"root","filename":"vietrace_automated.py","lineno":152}
{"timestamp":"2025-11-27T05:21:21.659990Z","level":"info","event":"Processing page 9","logger":"root","filename":"vietrace_automated.py","lineno":76}
{"timestamp":"2025-11-27T05:21:23.881999Z","level":"info","event":"Found 10 visible athletes on page 9","logger":"root","filename":"vietrace_automated.py","lineno":89}
{"timestamp":"2025-11-27T05:21:24.429987Z","level":"info","event":"Processed: 81 - NGUYEN THI TUYET","logger":"root","filename":"vietrace_automated.py","lineno":130}
{"timestamp":"2025-11-27T05:21:24.987069Z","level":"info","event":"Processed: 82 - Nguyễn Ly","logger":"root","filename":"vietrace_automated.py","lineno":130}
{"timestamp":"2025-11-27T05:21:25.521967Z","level":"info","event":"Processed: 83 - LE THI KIM SON","logger":"root","filename":"vietrace_automated.py","lineno":130}
{"timestamp":"2025-11-27T05:21:26.027192Z","level":"info","event":"Processed: 84 - SON VU TUAN","logger":"root","filename":"vietrace_automated.py","lineno":130}
{"timestamp":"2025-11-27T05:21:26.537753Z","level":"info","event":"Processed: 85 - LE THE HOANG","logger":"root","filename":"vietrace_automated.py","lineno":130}
{"timestamp":"2025-11-27T05:21:27.084420Z","level":"info","event":"Processed: 86 - trần kim","logger":"root","filename":"vietrace_automated.py","lineno":130}
{"timestamp":"2025-11-27T05:21:27.623184Z","level":"info","event":"Processed: 87 - Hàn Thu","logger":"root","filename":"vietrace_automated.py","lineno":130}
{"timestamp":"2025-11-27T05:21:28.119262Z","level":"info","event":"Processed: 88 - DANH NT","logger":"root","filename":"vietrace_automated.py","lineno":130}
{"timestamp":"2025-11-27T05:21:28.648020Z","level":"info","event":"Processed: 89 - Tống Hiển","logger":"root","filename":"vietrace_automated.py","lineno":130}
{"timestamp":"2025-11-27T05:21:29.164771Z","level":"info","event":"Processed: 90 - NGUYEN DANG KHOA","logger":"root","filename":"vietrace_automated.py","lineno":130}
{"timestamp":"2025-11-27T05:21:29.243050Z","level":"info","event":"Total pagination elements: 16","logger":"root","filename":"vietrace_automated.py","lineno":152}
{"timestamp":"2025-11-27T05:21:31.466608Z","level":"info","event":"Processing page 10","logger":"root","filename":"vietrace_automated.py","lineno":76}
{"timestamp":"2025-11-27T05:21:33.648277Z","level":"info","event":"Found 10 visible athletes on page 10","logger":"root","filename":"vietrace_automated.py","lineno":89}
{"timestamp":"2025-11-27T05:21:34.118986Z","level":"info","event":"Processed: 91 - Nguyen Minh Duc","logger":"root","filename":"vietrace_automated.py","lineno":130}
{"timestamp":"2025-11-27T05:21:34.579948Z","level":"info","event":"Processed: 92 - NGUYỄN VĂN THƠ","logger":"root","filename":"vietrace_automated.py","lineno":130}
{"timestamp":"2025-11-27T05:21:35.043803Z","level":"info","event":"Processed: 93 - QUANG NGUYEN MINH","logger":"root","filename":"vietrace_automated.py","lineno":130}
{"timestamp":"2025-11-27T05:21:35.538479Z","level":"info","event":"Processed: 94 - Nguyễn Phú Cường","logger":"root","filename":"vietrace_automated.py","lineno":130}
{"timestamp":"2025-11-27T05:21:36.013097Z","level":"info","event":"Processed: 95 - HOANG PHAM DUC","logger":"root","filename":"vietrace_automated.py","lineno":130}
{"timestamp":"2025-11-27T05:21:36.513625Z","level":"info","event":"Processed: 96 - DO NAM ANH","logger":"root","filename":"vietrace_automated.py","lineno":130}
{"timestamp":"2025-11-27T05:21:36.983915Z","level":"info","event":"Processed: 97 - CUONG VO PHU","logger":"root","filename":"vietrace_automated.py","lineno":130}
{"timestamp":"2025-11-27T05:21:37.432933Z","level":"info","event":"Processed: 98 - Dang Van Huy","logger":"root","filename":"vietrace_automated.py","lineno":130}
{"timestamp":"2025-11-27T05:21:37.902903Z","level":"info","event":"Processed: 99 - Le Suong","logger":"root","filename":"vietrace_automated.py","lineno":130}
{"timestamp":"2025-11-27T05:21:38.342786Z","level":"info","event":"Processed: 100 - NGUYEN HUU THIEN TIN","logger":"root","filename":"vietrace_automated.py","lineno":130}
{"timestamp":"2025-11-27T05:21:38.410908Z","level":"info","event":"Total pagination elements: 16","logger":"root","filename":"vietrace_automated.py","lineno":152}
{"timestamp":"2025-11-27T05:21:40.634420Z","level":"info","event":"Processing page 11","logger":"root","filename":"vietrace_automated.py","lineno":76}
{"timestamp":"2025-11-27T05:21:42.853506Z","level":"info","event":"Found 10 visible athletes on page 11","logger":"root","filename":"vietrace_automated.py","lineno":89}
{"timestamp":"2025-11-27T05:21:43.351691Z","level":"info","event":"Processed: 101 - TRUONG VO NGOC CHAU","logger":"root","filename":"vietrace_automated.py","lineno":130}
{"timestamp":"2025-11-27T05:21:43.798487Z","level":"info","event":"Processed: 102 - Nguyen Giang","logger":"root","filename":"vietrace_automated.py","lineno":130}
{"timestamp":"2025-11-27T05:21:44.290179Z","level":"info","event":"Processed: 103 - KHOA NGUYEN ANH","logger":"root","filename":"vietrace_automated.py","lineno":130}
{"timestamp":"2025-11-27T05:21:44.745034Z","level":"info","event":"Processed: 104 - KHANG VO MINH","logger":"root","filename":"vietrace_automated.py","lineno":130}
{"timestamp":"2025-11-27T05:21:45.199591Z","level":"info","event":"Processed: 105 - Nguyễn Toàn","logger":"root","filename":"vietrace_automated.py","lineno":130}
{"timestamp":"2025-11-27T05:21:45.689090Z","level":"info","event":"Processed: 106 - NGO MINH HUNG","logger":"root","filename":"vietrace_automated.py","lineno":130}
{"timestamp":"2025-11-27T05:21:46.167678Z","level":"info","event":"Processed: 107 - Hằng Trần Thu","logger":"root","filename":"vietrace_automated.py","lineno":130}
{"timestamp":"2025-11-27T05:21:46.670769Z","level":"info","event":"Processed: 108 - LE VAN TRONG","logger":"root","filename":"vietrace_automated.py","lineno":130}
{"timestamp":"2025-11-27T05:21:47.131218Z","level":"info","event":"Processed: 109 - PHAM CUONG THINH","logger":"root","filename":"vietrace_automated.py","lineno":130}
{"timestamp":"2025-11-27T05:21:47.585887Z","level":"info","event":"Processed: 110 - Anh Thư","logger":"root","filename":"vietrace_automated.py","lineno":130}
{"timestamp":"2025-11-27T05:21:47.644735Z","level":"info","event":"Total pagination elements: 16","logger":"root","filename":"vietrace_automated.py","lineno":152}
{"timestamp":"2025-11-27T05:21:49.882539Z","level":"info","event":"Processing page 12","logger":"root","filename":"vietrace_automated.py","lineno":76}
{"timestamp":"2025-11-27T05:21:52.137869Z","level":"info","event":"Found 10 visible athletes on page 12","logger":"root","filename":"vietrace_automated.py","lineno":89}
{"timestamp":"2025-11-27T05:21:52.650627Z","level":"info","event":"Processed: 111 - THONG HO NGUYEN MINH","logger":"root","filename":"vietrace_automated.py","lineno":130}
{"timestamp":"2025-11-27T05:21:53.196347Z","level":"info","event":"Processed: 112 - Nguyễn Thanh Thiên An","logger":"root","filename":"vietrace_automated.py","lineno":130}
{"timestamp":"2025-11-27T05:21:53.730610Z","level":"info","event":"Processed: 113 - Mr. HAPPY","logger":"root","filename":"vietrace_automated.py","lineno":130}
{"timestamp":"2025-11-27T05:21:54.273466Z","level":"info","event":"Processed: 114 - GIANG HOANG LE","logger":"root","filename":"vietrace_automated.py","lineno":130}
{"timestamp":"2025-11-27T05:21:54.777710Z","level":"info","event":"Processed: 115 - HOANG DUC THANH","logger":"root","filename":"vietrace_automated.py","lineno":130}
{"timestamp":"2025-11-27T05:21:55.303152Z","level":"info","event":"Processed: 116 - NGHIA LE HUU","logger":"root","filename":"vietrace_automated.py","lineno":130}
{"timestamp":"2025-11-27T05:21:55.845807Z","level":"info","event":"Processed: 117 - MANH TRAN DUC","logger":"root","filename":"vietrace_automated.py","lineno":130}
{"timestamp":"2025-11-27T05:21:56.380122Z","level":"info","event":"Processed: 118 - Lê Thị Nguyện","logger":"root","filename":"vietrace_automated.py","lineno":130}
{"timestamp":"2025-11-27T05:21:56.883927Z","level":"info","event":"Processed: 119 - DUC THO DOAN","logger":"root","filename":"vietrace_automated.py","lineno":130}
{"timestamp":"2025-11-27T05:21:57.461666Z","level":"info","event":"Processed: 120 - Nguyễn Lê Anh Hạ","logger":"root","filename":"vietrace_automated.py","lineno":130}
{"timestamp":"2025-11-27T05:21:57.542762Z","level":"info","event":"Total pagination elements: 16","logger":"root","filename":"vietrace_automated.py","lineno":152}
{"timestamp":"2025-11-27T05:21:59.768674Z","level":"info","event":"Processing page 13","logger":"root","filename":"vietrace_automated.py","lineno":76}
{"timestamp":"2025-11-27T05:22:02.057093Z","level":"info","event":"Found 10 visible athletes on page 13","logger":"root","filename":"vietrace_automated.py","lineno":89}
{"timestamp":"2025-11-27T05:22:02.575998Z","level":"info","event":"Processed: 121 - NGUYEN THI LAN THANH","logger":"root","filename":"vietrace_automated.py","lineno":130}
{"timestamp":"2025-11-27T05:22:03.085692Z","level":"info","event":"Processed: 122 - DIEP DINH NGOC","logger":"root","filename":"vietrace_automated.py","lineno":130}
{"timestamp":"2025-11-27T05:22:03.598260Z","level":"info","event":"Processed: 123 - LUU THI THU HIEN","logger":"root","filename":"vietrace_automated.py","lineno":130}
{"timestamp":"2025-11-27T05:22:04.217590Z","level":"info","event":"Processed: 124 - NGUYEN DINH TUAN","logger":"root","filename":"vietrace_automated.py","lineno":130}
{"timestamp":"2025-11-27T05:22:04.787356Z","level":"info","event":"Processed: 125 - Nguyễn Nguyên","logger":"root","filename":"vietrace_automated.py","lineno":130}
{"timestamp":"2025-11-27T05:22:05.383472Z","level":"info","event":"Processed: 126 - LE THI THUY KIEU","logger":"root","filename":"vietrace_automated.py","lineno":130}
{"timestamp":"2025-11-27T05:22:06.013740Z","level":"info","event":"Processed: 127 - Ngọc Lê","logger":"root","filename":"vietrace_automated.py","lineno":130}
{"timestamp":"2025-11-27T05:22:06.639649Z","level":"info","event":"Processed: 128 - QUYNH ANH NGUYEN THI","logger":"root","filename":"vietrace_automated.py","lineno":130}
{"timestamp":"2025-11-27T05:22:07.190302Z","level":"info","event":"Processed: 129 - NGUYEN T NGOC HUONG","logger":"root","filename":"vietrace_automated.py","lineno":130}
{"timestamp":"2025-11-27T05:22:07.681110Z","level":"info","event":"Processed: 130 - Nguyễn Huy Thành","logger":"root","filename":"vietrace_automated.py","lineno":130}
{"timestamp":"2025-11-27T05:22:07.747901Z","level":"info","event":"Total pagination elements: 16","logger":"root","filename":"vietrace_automated.py","lineno":152}
{"timestamp":"2025-11-27T05:22:09.956874Z","level":"info","event":"Processing page 14","logger":"root","filename":"vietrace_automated.py","lineno":76}
{"timestamp":"2025-11-27T05:22:12.175751Z","level":"info","event":"Found 10 visible athletes on page 14","logger":"root","filename":"vietrace_automated.py","lineno":89}
{"timestamp":"2025-11-27T05:22:12.588202Z","level":"info","event":"Processed: 131 - NGUYEN VAN THIEN","logger":"root","filename":"vietrace_automated.py","lineno":130}
{"timestamp":"2025-11-27T05:22:13.013993Z","level":"info","event":"Processed: 132 - Nguyen Yen Phi","logger":"root","filename":"vietrace_automated.py","lineno":130}
{"timestamp":"2025-11-27T05:22:13.452612Z","level":"info","event":"Processed: 133 - Tuấn Hoàng","logger":"root","filename":"vietrace_automated.py","lineno":130}
{"timestamp":"2025-11-27T05:22:13.874621Z","level":"info","event":"Processed: 134 - Hanh Le Hong","logger":"root","filename":"vietrace_automated.py","lineno":130}
{"timestamp":"2025-11-27T05:22:14.344875Z","level":"info","event":"Processed: 135 - PHAN ANH DUY","logger":"root","filename":"vietrace_automated.py","lineno":130}
{"timestamp":"2025-11-27T05:22:14.778906Z","level":"info","event":"Processed: 136 - DOAN NGOC THIEN","logger":"root","filename":"vietrace_automated.py","lineno":130}
{"timestamp":"2025-11-27T05:22:15.211866Z","level":"info","event":"Processed: 137 - HUONG NGUYEN T DIEM","logger":"root","filename":"vietrace_automated.py","lineno":130}
{"timestamp":"2025-11-27T05:22:15.710212Z","level":"info","event":"Processed: 138 - Ton Hoang","logger":"root","filename":"vietrace_automated.py","lineno":130}
{"timestamp":"2025-11-27T05:22:16.226899Z","level":"info","event":"Processed: 139 - CUONG HOANG MANH","logger":"root","filename":"vietrace_automated.py","lineno":130}
{"timestamp":"2025-11-27T05:22:16.658922Z","level":"info","event":"Processed: 140 - PHAM KHANH","logger":"root","filename":"vietrace_automated.py","lineno":130}
{"timestamp":"2025-11-27T05:22:16.718954Z","level":"info","event":"Total pagination elements: 16","logger":"root","filename":"vietrace_automated.py","lineno":152}
{"timestamp":"2025-11-27T05:22:18.931094Z","level":"info","event":"Processing page 15","logger":"root","filename":"vietrace_automated.py","lineno":76}
{"timestamp":"2025-11-27T05:22:21.134399Z","level":"info","event":"Found 10 visible athletes on page 15","logger":"root","filename":"vietrace_automated.py","lineno":89}
{"timestamp":"2025-11-27T05:22:21.649042Z","level":"info","event":"Processed: 141 - HUNG DO MINH","logger":"root","filename":"vietrace_automated.py","lineno":130}
{"timestamp":"2025-11-27T05:22:22.234028Z","level":"info","event":"Processed: 142 - TRINH DO VAN","logger":"root","filename":"vietrace_automated.py","lineno":130}
{"timestamp":"2025-11-27T05:22:22.776547Z","level":"info","event":"Processed: 143 - Nguyen Hoang Thach","logger":"root","filename":"vietrace_automated.py","lineno":130}
{"timestamp":"2025-11-27T05:22:23.344188Z","level":"info","event":"Processed: 144 - HOANG BUI HUY","logger":"root","filename":"vietrace_automated.py","lineno":130}
{"timestamp":"2025-11-27T05:22:23.940804Z","level":"info","event":"Processed: 145 - Lê Đức Thành","logger":"root","filename":"vietrace_automated.py","lineno":130}
{"timestamp":"2025-11-27T05:22:24.501474Z","level":"info","event":"Processed: 146 - THUY LE THI DIEM","logger":"root","filename":"vietrace_automated.py","lineno":130}
{"timestamp":"2025-11-27T05:22:25.097770Z","level":"info","event":"Processed: 147 - Nguyễn Quỳnh Như","logger":"root","filename":"vietrace_automated.py","lineno":130}
{"timestamp":"2025-11-27T05:22:25.653385Z","level":"info","event":"Processed: 148 - DUONG PHAM","logger":"root","filename":"vietrace_automated.py","lineno":130}
{"timestamp":"2025-11-27T05:22:26.163656Z","level":"info","event":"Processed: 149 - DUC NGUYEN ANH","logger":"root","filename":"vietrace_automated.py","lineno":130}
{"timestamp":"2025-11-27T05:22:26.630471Z","level":"info","event":"Processed: 150 - DAO NGUYEN QUY NAM","logger":"root","filename":"vietrace_automated.py","lineno":130}
{"timestamp":"2025-11-27T05:22:26.702671Z","level":"info","event":"Total pagination elements: 16","logger":"root","filename":"vietrace_automated.py","lineno":152}
{"timestamp":"2025-11-27T05:22:28.943143Z","level":"info","event":"Processing page 16","logger":"root","filename":"vietrace_automated.py","lineno":76}
{"timestamp":"2025-11-27T05:22:31.144777Z","level":"info","event":"Found 10 visible athletes on page 16","logger":"root","filename":"vietrace_automated.py","lineno":89}
{"timestamp":"2025-11-27T05:22:31.605331Z","level":"info","event":"Processed: 151 - VY NGUYEN NGOC THUY","logger":"root","filename":"vietrace_automated.py","lineno":130}
{"timestamp":"2025-11-27T05:22:32.129934Z","level":"info","event":"Processed: 152 - NGUYEN PHUONG THAO","logger":"root","filename":"vietrace_automated.py","lineno":130}
{"timestamp":"2025-11-27T05:22:32.562886Z","level":"info","event":"Processed: 153 - Lê Đăng Hoàng Long","logger":"root","filename":"vietrace_automated.py","lineno":130}
{"timestamp":"2025-11-27T05:22:33.024966Z","level":"info","event":"Processed: 154 - Đỗ Ngân","logger":"root","filename":"vietrace_automated.py","lineno":130}
{"timestamp":"2025-11-27T05:22:33.477448Z","level":"info","event":"Processed: 155 - HUONG NGUYEN THI LAN","logger":"root","filename":"vietrace_automated.py","lineno":130}
{"timestamp":"2025-11-27T05:22:33.901269Z","level":"info","event":"Processed: 156 - Nguyễn Đăng Tới","logger":"root","filename":"vietrace_automated.py","lineno":130}
{"timestamp":"2025-11-27T05:22:34.368691Z","level":"info","event":"Processed: 157 - Bùi Quỳnh","logger":"root","filename":"vietrace_automated.py","lineno":130}
{"timestamp":"2025-11-27T05:22:34.811968Z","level":"info","event":"Processed: 158 - Bui Tri Dam","logger":"root","filename":"vietrace_automated.py","lineno":130}
{"timestamp":"2025-11-27T05:22:35.238371Z","level":"info","event":"Processed: 159 - Nguyễn Quốc","logger":"root","filename":"vietrace_automated.py","lineno":130}
{"timestamp":"2025-11-27T05:22:35.667451Z","level":"info","event":"Processed: 160 - NGUYEN HONG TIEN","logger":"root","filename":"vietrace_automated.py","lineno":130}
{"timestamp":"2025-11-27T05:22:35.721461Z","level":"info","event":"Total pagination elements: 16","logger":"root","filename":"vietrace_automated.py","lineno":152}
{"timestamp":"2025-11-27T05:22:37.922135Z","level":"info","event":"Processing page 17","logger":"root","filename":"vietrace_automated.py","lineno":76}
{"timestamp":"2025-11-27T05:22:40.122027Z","level":"info","event":"Found 10 visible athletes on page 17","logger":"root","filename":"vietrace_automated.py","lineno":89}
{"timestamp":"2025-11-27T05:22:40.585965Z","level":"info","event":"Processed: 161 - TRAN NGOC HOAI TRUNG","logger":"root","filename":"vietrace_automated.py","lineno":130}
{"timestamp":"2025-11-27T05:22:41.074489Z","level":"info","event":"Processed: 162 - TU NGUYEN THANH","logger":"root","filename":"vietrace_automated.py","lineno":130}
{"timestamp":"2025-11-27T05:22:41.538212Z","level":"info","event":"Processed: 163 - Lê Trang","logger":"root","filename":"vietrace_automated.py","lineno":130}
{"timestamp":"2025-11-27T05:22:42.117024Z","level":"info","event":"Processed: 164 - Dũng Đinh Thanh","logger":"root","filename":"vietrace_automated.py","lineno":130}
{"timestamp":"2025-11-27T05:22:42.580090Z","level":"info","event":"Processed: 165 - NGUYEN TRUNG HIEU (SVT)","logger":"root","filename":"vietrace_automated.py","lineno":130}
{"timestamp":"2025-11-27T05:22:43.054899Z","level":"info","event":"Processed: 166 - ANH HOANG DIEP","logger":"root","filename":"vietrace_automated.py","lineno":130}
{"timestamp":"2025-11-27T05:22:43.538831Z","level":"info","event":"Processed: 167 - CHU HOA BINH","logger":"root","filename":"vietrace_automated.py","lineno":130}
{"timestamp":"2025-11-27T05:22:44.016674Z","level":"info","event":"Processed: 168 - GIANG NGUYEN HONG","logger":"root","filename":"vietrace_automated.py","lineno":130}
{"timestamp":"2025-11-27T05:22:44.453709Z","level":"info","event":"Processed: 169 - Trần Tiến","logger":"root","filename":"vietrace_automated.py","lineno":130}
{"timestamp":"2025-11-27T05:22:44.913423Z","level":"info","event":"Processed: 170 - LE TO HIEU","logger":"root","filename":"vietrace_automated.py","lineno":130}
{"timestamp":"2025-11-27T05:22:44.983928Z","level":"info","event":"Total pagination elements: 16","logger":"root","filename":"vietrace_automated.py","lineno":152}
{"timestamp":"2025-11-27T05:22:47.202372Z","level":"info","event":"Processing page 18","logger":"root","filename":"vietrace_automated.py","lineno":76}
{"timestamp":"2025-11-27T05:22:49.410694Z","level":"info","event":"Found 10 visible athletes on page 18","logger":"root","filename":"vietrace_automated.py","lineno":89}
{"timestamp":"2025-11-27T05:22:49.840653Z","level":"info","event":"Processed: 171 - KHANG NGUYEN MINH","logger":"root","filename":"vietrace_automated.py","lineno":130}
{"timestamp":"2025-11-27T05:22:50.299997Z","level":"info","event":"Processed: 172 - HAU TRINH THANH","logger":"root","filename":"vietrace_automated.py","lineno":130}
{"timestamp":"2025-11-27T05:22:50.774849Z","level":"info","event":"Processed: 173 - CUONG PHU QUOC","logger":"root","filename":"vietrace_automated.py","lineno":130}
{"timestamp":"2025-11-27T05:22:51.273815Z","level":"info","event":"Processed: 174 - PHUC NGUYEN TIEN","logger":"root","filename":"vietrace_automated.py","lineno":130}
{"timestamp":"2025-11-27T05:22:51.806441Z","level":"info","event":"Processed: 175 - KIEN KIM TUAN","logger":"root","filename":"vietrace_automated.py","lineno":130}
{"timestamp":"2025-11-27T05:22:52.398639Z","level":"info","event":"Processed: 176 - LINH LE THI THUY","logger":"root","filename":"vietrace_automated.py","lineno":130}
{"timestamp":"2025-11-27T05:22:52.934687Z","level":"info","event":"Processed: 177 - Dinh Thanh Ha","logger":"root","filename":"vietrace_automated.py","lineno":130}
{"timestamp":"2025-11-27T05:22:53.477820Z","level":"info","event":"Processed: 178 - HỒ THẾ VĂN","logger":"root","filename":"vietrace_automated.py","lineno":130}
{"timestamp":"2025-11-27T05:22:54.006169Z","level":"info","event":"Processed: 179 - TRAN LE HOANG THINH","logger":"root","filename":"vietrace_automated.py","lineno":130}
{"timestamp":"2025-11-27T05:22:54.588342Z","level":"info","event":"Processed: 180 - LE THI QUOC OANH","logger":"root","filename":"vietrace_automated.py","lineno":130}
{"timestamp":"2025-11-27T05:22:54.676341Z","level":"info","event":"Total pagination elements: 16","logger":"root","filename":"vietrace_automated.py","lineno":152}
{"timestamp":"2025-11-27T05:22:56.932979Z","level":"info","event":"Processing page 19","logger":"root","filename":"vietrace_automated.py","lineno":76}
{"timestamp":"2025-11-27T05:22:59.152964Z","level":"info","event":"Found 10 visible athletes on page 19","logger":"root","filename":"vietrace_automated.py","lineno":89}
{"timestamp":"2025-11-27T05:22:59.661953Z","level":"info","event":"Processed: 181 - Nguyễn Đức Đoan","logger":"root","filename":"vietrace_automated.py","lineno":130}
{"timestamp":"2025-11-27T05:23:00.196487Z","level":"info","event":"Processed: 182 - Trần Thanh","logger":"root","filename":"vietrace_automated.py","lineno":130}
{"timestamp":"2025-11-27T05:23:00.728340Z","level":"info","event":"Processed: 183 - Nguyễn Văn Thọ","logger":"root","filename":"vietrace_automated.py","lineno":130}
{"timestamp":"2025-11-27T05:23:01.211710Z","level":"info","event":"Processed: 184 - LONG DANG THANH","logger":"root","filename":"vietrace_automated.py","lineno":130}
{"timestamp":"2025-11-27T05:23:01.661425Z","level":"info","event":"Processed: 185 - NGUYEN VAN NGHIEM","logger":"root","filename":"vietrace_automated.py","lineno":130}
{"timestamp":"2025-11-27T05:23:02.220156Z","level":"info","event":"Processed: 186 - Nguyễn Hoàng Anh","logger":"root","filename":"vietrace_automated.py","lineno":130}
{"timestamp":"2025-11-27T05:23:02.675527Z","level":"info","event":"Processed: 187 - NGUYEN HUU HIEU","logger":"root","filename":"vietrace_automated.py","lineno":130}
{"timestamp":"2025-11-27T05:23:03.117792Z","level":"info","event":"Processed: 188 - VUONG NGUYEN VIET","logger":"root","filename":"vietrace_automated.py","lineno":130}
{"timestamp":"2025-11-27T05:23:03.593878Z","level":"info","event":"Processed: 189 - VU NGOC MINH","logger":"root","filename":"vietrace_automated.py","lineno":130}
{"timestamp":"2025-11-27T05:23:04.115229Z","level":"info","event":"Processed: 190 - NHAN NGUYEN THANH","logger":"root","filename":"vietrace_automated.py","lineno":130}
{"timestamp":"2025-11-27T05:23:04.171674Z","level":"info","event":"Total pagination elements: 16","logger":"root","filename":"vietrace_automated.py","lineno":152}
{"timestamp":"2025-11-27T05:23:06.407110Z","level":"info","event":"Processing page 20","logger":"root","filename":"vietrace_automated.py","lineno":76}
{"timestamp":"2025-11-27T05:23:08.593596Z","level":"info","event":"Found 10 visible athletes on page 20","logger":"root","filename":"vietrace_automated.py","lineno":89}
{"timestamp":"2025-11-27T05:23:09.025326Z","level":"info","event":"Processed: 191 - ANH VU NGOC","logger":"root","filename":"vietrace_automated.py","lineno":130}
{"timestamp":"2025-11-27T05:23:09.560295Z","level":"info","event":"Processed: 192 - B20dcat015_Nguyễn Đăng Tuấn Bảo","logger":"root","filename":"vietrace_automated.py","lineno":130}
{"timestamp":"2025-11-27T05:23:10.062480Z","level":"info","event":"Processed: 193 - DANG DANH DUNG","logger":"root","filename":"vietrace_automated.py","lineno":130}
{"timestamp":"2025-11-27T05:23:10.604723Z","level":"info","event":"Processed: 194 - KHUAT THANH NAM","logger":"root","filename":"vietrace_automated.py","lineno":130}
{"timestamp":"2025-11-27T05:23:11.149427Z","level":"info","event":"Processed: 195 - Nguyễn Mơ","logger":"root","filename":"vietrace_automated.py","lineno":130}
{"timestamp":"2025-11-27T05:23:11.677699Z","level":"info","event":"Processed: 196 - BUI THE LINH","logger":"root","filename":"vietrace_automated.py","lineno":130}
{"timestamp":"2025-11-27T05:23:12.209851Z","level":"info","event":"Processed: 197 - vũ tuấn hoàng","logger":"root","filename":"vietrace_automated.py","lineno":130}
{"timestamp":"2025-11-27T05:23:12.637598Z","level":"info","event":"Processed: 198 - TRINH QUOC ANH","logger":"root","filename":"vietrace_automated.py","lineno":130}
{"timestamp":"2025-11-27T05:23:13.069333Z","level":"info","event":"Processed: 199 - VAN NGUYEN THI HAI","logger":"root","filename":"vietrace_automated.py","lineno":130}
{"timestamp":"2025-11-27T05:23:13.525142Z","level":"info","event":"Processed: 200 - Trần Thuỳ","logger":"root","filename":"vietrace_automated.py","lineno":130}
{"timestamp":"2025-11-27T05:23:13.581255Z","level":"info","event":"Total pagination elements: 16","logger":"root","filename":"vietrace_automated.py","lineno":152}
{"timestamp":"2025-11-27T05:23:15.818683Z","level":"info","event":"Processing page 21","logger":"root","filename":"vietrace_automated.py","lineno":76}
{"timestamp":"2025-11-27T05:23:18.072568Z","level":"info","event":"Found 10 visible athletes on page 21","logger":"root","filename":"vietrace_automated.py","lineno":89}
{"timestamp":"2025-11-27T05:23:18.636955Z","level":"info","event":"Processed: 201 - Văn Tân Nguyễn","logger":"root","filename":"vietrace_automated.py","lineno":130}
{"timestamp":"2025-11-27T05:23:19.230942Z","level":"info","event":"Processed: 202 - Văn Định Lê","logger":"root","filename":"vietrace_automated.py","lineno":130}
{"timestamp":"2025-11-27T05:23:19.784901Z","level":"info","event":"Processed: 203 - LE VAN QUY","logger":"root","filename":"vietrace_automated.py","lineno":130}
{"timestamp":"2025-11-27T05:23:20.272836Z","level":"info","event":"Processed: 204 - Vũ Quỳ","logger":"root","filename":"vietrace_automated.py","lineno":130}
{"timestamp":"2025-11-27T05:23:20.752617Z","level":"info","event":"Processed: 205 - DINH BA Phuc","logger":"root","filename":"vietrace_automated.py","lineno":130}
{"timestamp":"2025-11-27T05:23:21.229566Z","level":"info","event":"Processed: 206 - HUYNH THI KIEU NGAN","logger":"root","filename":"vietrace_automated.py","lineno":130}
{"timestamp":"2025-11-27T05:23:21.706717Z","level":"info","event":"Processed: 207 - PHUONG NGUYEN LAN","logger":"root","filename":"vietrace_automated.py","lineno":130}
{"timestamp":"2025-11-27T05:23:22.254015Z","level":"info","event":"Processed: 208 - Tran Nhat Tan","logger":"root","filename":"vietrace_automated.py","lineno":130}
{"timestamp":"2025-11-27T05:23:22.801036Z","level":"info","event":"Processed: 209 - Hieu Duong","logger":"root","filename":"vietrace_automated.py","lineno":130}
{"timestamp":"2025-11-27T05:23:23.340923Z","level":"info","event":"Processed: 210 - Chu Mạnh","logger":"root","filename":"vietrace_automated.py","lineno":130}
{"timestamp":"2025-11-27T05:23:23.399565Z","level":"info","event":"Total pagination elements: 16","logger":"root","filename":"vietrace_automated.py","lineno":152}
{"timestamp":"2025-11-27T05:23:25.605620Z","level":"info","event":"Processing page 22","logger":"root","filename":"vietrace_automated.py","lineno":76}
{"timestamp":"2025-11-27T05:23:27.811922Z","level":"info","event":"Found 10 visible athletes on page 22","logger":"root","filename":"vietrace_automated.py","lineno":89}
{"timestamp":"2025-11-27T05:23:28.289897Z","level":"info","event":"Processed: 211 - QUACH DAI QUANG","logger":"root","filename":"vietrace_automated.py","lineno":130}
{"timestamp":"2025-11-27T05:23:28.746079Z","level":"info","event":"Processed: 212 - Hoang Nguyen Van","logger":"root","filename":"vietrace_automated.py","lineno":130}
{"timestamp":"2025-11-27T05:23:29.193874Z","level":"info","event":"Processed: 213 - NGÔ VĂN ĐẠT","logger":"root","filename":"vietrace_automated.py","lineno":130}
{"timestamp":"2025-11-27T05:23:29.627972Z","level":"info","event":"Processed: 214 - LE THI HAI YEN","logger":"root","filename":"vietrace_automated.py","lineno":130}
{"timestamp":"2025-11-27T05:23:30.128296Z","level":"info","event":"Processed: 215 - Phan Minh Ngà","logger":"root","filename":"vietrace_automated.py","lineno":130}
{"timestamp":"2025-11-27T05:23:30.628501Z","level":"info","event":"Processed: 216 - UY DO CHANH","logger":"root","filename":"vietrace_automated.py","lineno":130}
{"timestamp":"2025-11-27T05:23:31.115649Z","level":"info","event":"Processed: 217 - Nguyễn Phong","logger":"root","filename":"vietrace_automated.py","lineno":130}
{"timestamp":"2025-11-27T05:23:31.579245Z","level":"info","event":"Processed: 218 - VUONG QUOC SON","logger":"root","filename":"vietrace_automated.py","lineno":130}
{"timestamp":"2025-11-27T05:23:32.173718Z","level":"info","event":"Processed: 219 - HUYỀN LINH NGUYỄN","logger":"root","filename":"vietrace_automated.py","lineno":130}
{"timestamp":"2025-11-27T05:23:32.642244Z","level":"info","event":"Processed: 220 - Nguyễn Thị Bích Hồng","logger":"root","filename":"vietrace_automated.py","lineno":130}
{"timestamp":"2025-11-27T05:23:32.701906Z","level":"info","event":"Total pagination elements: 16","logger":"root","filename":"vietrace_automated.py","lineno":152}
{"timestamp":"2025-11-27T05:23:34.925933Z","level":"info","event":"Processing page 23","logger":"root","filename":"vietrace_automated.py","lineno":76}
{"timestamp":"2025-11-27T05:23:37.115128Z","level":"info","event":"Found 10 visible athletes on page 23","logger":"root","filename":"vietrace_automated.py","lineno":89}
{"timestamp":"2025-11-27T05:23:37.584839Z","level":"info","event":"Processed: 221 - Viet Tuan","logger":"root","filename":"vietrace_automated.py","lineno":130}
{"timestamp":"2025-11-27T05:23:38.064514Z","level":"info","event":"Processed: 222 - HUNG VU MINH","logger":"root","filename":"vietrace_automated.py","lineno":130}
{"timestamp":"2025-11-27T05:23:38.507161Z","level":"info","event":"Processed: 223 - LONG NGUYEN THANH","logger":"root","filename":"vietrace_automated.py","lineno":130}
{"timestamp":"2025-11-27T05:23:38.940719Z","level":"info","event":"Processed: 224 - LE THIEN NHI","logger":"root","filename":"vietrace_automated.py","lineno":130}
{"timestamp":"2025-11-27T05:23:39.387217Z","level":"info","event":"Processed: 225 - Cindy Do","logger":"root","filename":"vietrace_automated.py","lineno":130}
{"timestamp":"2025-11-27T05:23:39.838942Z","level":"info","event":"Processed: 226 - Nguyễn Thành","logger":"root","filename":"vietrace_automated.py","lineno":130}
{"timestamp":"2025-11-27T05:23:40.273113Z","level":"info","event":"Processed: 227 - ĐONG NHAT ANH TAM","logger":"root","filename":"vietrace_automated.py","lineno":130}
{"timestamp":"2025-11-27T05:23:40.712633Z","level":"info","event":"Processed: 228 - THAO LUONG THI THU","logger":"root","filename":"vietrace_automated.py","lineno":130}
{"timestamp":"2025-11-27T05:23:41.140046Z","level":"info","event":"Processed: 229 - NGUYEN NHU PHUC","logger":"root","filename":"vietrace_automated.py","lineno":130}
{"timestamp":"2025-11-27T05:23:41.593220Z","level":"info","event":"Processed: 230 - TAN LE AN","logger":"root","filename":"vietrace_automated.py","lineno":130}
{"timestamp":"2025-11-27T05:23:41.653799Z","level":"info","event":"Total pagination elements: 16","logger":"root","filename":"vietrace_automated.py","lineno":152}
{"timestamp":"2025-11-27T05:23:43.856861Z","level":"info","event":"Processing page 24","logger":"root","filename":"vietrace_automated.py","lineno":76}
{"timestamp":"2025-11-27T05:23:46.075320Z","level":"info","event":"Found 10 visible athletes on page 24","logger":"root","filename":"vietrace_automated.py","lineno":89}
{"timestamp":"2025-11-27T05:23:46.613423Z","level":"info","event":"Processed: 231 - Phan Tu","logger":"root","filename":"vietrace_automated.py","lineno":130}
{"timestamp":"2025-11-27T05:23:47.139994Z","level":"info","event":"Processed: 232 - Dung Bui","logger":"root","filename":"vietrace_automated.py","lineno":130}
{"timestamp":"2025-11-27T05:23:47.683267Z","level":"info","event":"Processed: 233 - Doan Anh","logger":"root","filename":"vietrace_automated.py","lineno":130}
{"timestamp":"2025-11-27T05:23:48.227216Z","level":"info","event":"Processed: 234 - TAM VUONG SY","logger":"root","filename":"vietrace_automated.py","lineno":130}
{"timestamp":"2025-11-27T05:23:48.743396Z","level":"info","event":"Processed: 235 - Nguyen Nga","logger":"root","filename":"vietrace_automated.py","lineno":130}
{"timestamp":"2025-11-27T05:23:49.261256Z","level":"info","event":"Processed: 236 - Trần Hải","logger":"root","filename":"vietrace_automated.py","lineno":130}
{"timestamp":"2025-11-27T05:23:49.773289Z","level":"info","event":"Processed: 237 - BUI THI HONG NHUNG","logger":"root","filename":"vietrace_automated.py","lineno":130}
{"timestamp":"2025-11-27T05:23:50.311374Z","level":"info","event":"Processed: 238 - Bùi Hương","logger":"root","filename":"vietrace_automated.py","lineno":130}
{"timestamp":"2025-11-27T05:23:50.851051Z","level":"info","event":"Processed: 239 - ĐINH VIỆT HOÀNG","logger":"root","filename":"vietrace_automated.py","lineno":130}
{"timestamp":"2025-11-27T05:23:51.413225Z","level":"info","event":"Processed: 240 - LE MANH LINH","logger":"root","filename":"vietrace_automated.py","lineno":130}
{"timestamp":"2025-11-27T05:23:51.482597Z","level":"info","event":"Total pagination elements: 16","logger":"root","filename":"vietrace_automated.py","lineno":152}
{"timestamp":"2025-11-27T05:23:53.738740Z","level":"info","event":"Processing page 25","logger":"root","filename":"vietrace_automated.py","lineno":76}
{"timestamp":"2025-11-27T05:23:55.966160Z","level":"info","event":"Found 10 visible athletes on page 25","logger":"root","filename":"vietrace_automated.py","lineno":89}
{"timestamp":"2025-11-27T05:23:56.494936Z","level":"info","event":"Processed: 241 - NHUT TRAN MINH","logger":"root","filename":"vietrace_automated.py","lineno":130}
{"timestamp":"2025-11-27T05:23:57.033888Z","level":"info","event":"Processed: 242 - DOAN TRONG KHANG","logger":"root","filename":"vietrace_automated.py","lineno":130}
{"timestamp":"2025-11-27T05:23:57.569183Z","level":"info","event":"Processed: 243 - PHUONG NGUYEN THI","logger":"root","filename":"vietrace_automated.py","lineno":130}
{"timestamp":"2025-11-27T05:23:58.074200Z","level":"info","event":"Processed: 244 - Huỳnh Phương","logger":"root","filename":"vietrace_automated.py","lineno":130}
{"timestamp":"2025-11-27T05:23:58.618928Z","level":"info","event":"Processed: 245 - QUOC THIEU MINH","logger":"root","filename":"vietrace_automated.py","lineno":130}
{"timestamp":"2025-11-27T05:23:59.142222Z","level":"info","event":"Processed: 246 - Huy Duong Pham","logger":"root","filename":"vietrace_automated.py","lineno":130}
{"timestamp":"2025-11-27T05:23:59.622818Z","level":"info","event":"Processed: 247 - TUNG HOANG TRONG","logger":"root","filename":"vietrace_automated.py","lineno":130}
{"timestamp":"2025-11-27T05:24:00.101125Z","level":"info","event":"Processed: 248 - THUY LANG DUC","logger":"root","filename":"vietrace_automated.py","lineno":130}
{"timestamp":"2025-11-27T05:24:00.559200Z","level":"info","event":"Processed: 249 - Lucky Cetonia","logger":"root","filename":"vietrace_automated.py","lineno":130}
{"timestamp":"2025-11-27T05:24:01.013492Z","level":"info","event":"Processed: 250 - TRAN XUAN TRUONG","logger":"root","filename":"vietrace_automated.py","lineno":130}
{"timestamp":"2025-11-27T05:24:01.068678Z","level":"info","event":"Total pagination elements: 16","logger":"root","filename":"vietrace_automated.py","lineno":152}
{"timestamp":"2025-11-27T05:24:03.291129Z","level":"info","event":"Processing page 26","logger":"root","filename":"vietrace_automated.py","lineno":76}
{"timestamp":"2025-11-27T05:24:05.572408Z","level":"info","event":"Found 10 visible athletes on page 26","logger":"root","filename":"vietrace_automated.py","lineno":89}
{"timestamp":"2025-11-27T05:24:06.036584Z","level":"info","event":"Processed: 251 - NHUNG PHAM T HONG","logger":"root","filename":"vietrace_automated.py","lineno":130}
{"timestamp":"2025-11-27T05:24:06.613550Z","level":"info","event":"Processed: 252 - Lê Đoàn Sơn Nguyên","logger":"root","filename":"vietrace_automated.py","lineno":130}
{"timestamp":"2025-11-27T05:24:07.117850Z","level":"info","event":"Processed: 253 - NgocND","logger":"root","filename":"vietrace_automated.py","lineno":130}
{"timestamp":"2025-11-27T05:24:07.596206Z","level":"info","event":"Processed: 254 - NGUYEN THANH DANH","logger":"root","filename":"vietrace_automated.py","lineno":130}
{"timestamp":"2025-11-27T05:24:08.045205Z","level":"info","event":"Processed: 255 - NGUYEN DUC HIEU","logger":"root","filename":"vietrace_automated.py","lineno":130}
{"timestamp":"2025-11-27T05:24:08.492499Z","level":"info","event":"Processed: 256 - THU NGUYEN THI THANH","logger":"root","filename":"vietrace_automated.py","lineno":130}
{"timestamp":"2025-11-27T05:24:08.946441Z","level":"info","event":"Processed: 257 - NHUNG TRUONG THI HONG","logger":"root","filename":"vietrace_automated.py","lineno":130}
{"timestamp":"2025-11-27T05:24:09.410616Z","level":"info","event":"Processed: 258 - DANG NGOC THANH","logger":"root","filename":"vietrace_automated.py","lineno":130}
{"timestamp":"2025-11-27T05:24:09.861902Z","level":"info","event":"Processed: 259 - Thu Hà Nguyễn","logger":"root","filename":"vietrace_automated.py","lineno":130}
{"timestamp":"2025-11-27T05:24:10.323725Z","level":"info","event":"Processed: 260 - TUNG NGUYEN XUAN","logger":"root","filename":"vietrace_automated.py","lineno":130}
{"timestamp":"2025-11-27T05:24:10.377918Z","level":"info","event":"Total pagination elements: 16","logger":"root","filename":"vietrace_automated.py","lineno":152}
{"timestamp":"2025-11-27T05:24:12.584938Z","level":"info","event":"Processing page 27","logger":"root","filename":"vietrace_automated.py","lineno":76}
{"timestamp":"2025-11-27T05:24:14.809844Z","level":"info","event":"Found 10 visible athletes on page 27","logger":"root","filename":"vietrace_automated.py","lineno":89}
{"timestamp":"2025-11-27T05:24:15.350776Z","level":"info","event":"Processed: 261 - CHINH Thanh","logger":"root","filename":"vietrace_automated.py","lineno":130}
{"timestamp":"2025-11-27T05:24:15.882707Z","level":"info","event":"Processed: 262 - NGUYEN NGOC LAM","logger":"root","filename":"vietrace_automated.py","lineno":130}
{"timestamp":"2025-11-27T05:24:16.414930Z","level":"info","event":"Processed: 263 - DINH XUAN BAO","logger":"root","filename":"vietrace_automated.py","lineno":130}
{"timestamp":"2025-11-27T05:24:16.934970Z","level":"info","event":"Processed: 264 - DO DUC THANH","logger":"root","filename":"vietrace_automated.py","lineno":130}
{"timestamp":"2025-11-27T05:24:17.433946Z","level":"info","event":"Processed: 265 - NHUNG NGUYEN THI","logger":"root","filename":"vietrace_automated.py","lineno":130}
{"timestamp":"2025-11-27T05:24:17.949432Z","level":"info","event":"Processed: 266 - Dao Van Nam","logger":"root","filename":"vietrace_automated.py","lineno":130}
{"timestamp":"2025-11-27T05:24:18.486030Z","level":"info","event":"Processed: 267 - THAO NGUYEN BICH","logger":"root","filename":"vietrace_automated.py","lineno":130}
{"timestamp":"2025-11-27T05:24:18.995895Z","level":"info","event":"Processed: 268 - Lâm Trang","logger":"root","filename":"vietrace_automated.py","lineno":130}
{"timestamp":"2025-11-27T05:24:19.551615Z","level":"info","event":"Processed: 269 - Dinh Nam Nhut","logger":"root","filename":"vietrace_automated.py","lineno":130}
{"timestamp":"2025-11-27T05:24:20.093094Z","level":"info","event":"Processed: 270 - LE TRAN GIANG DINH","logger":"root","filename":"vietrace_automated.py","lineno":130}
{"timestamp":"2025-11-27T05:24:20.156778Z","level":"info","event":"Total pagination elements: 16","logger":"root","filename":"vietrace_automated.py","lineno":152}
{"timestamp":"2025-11-27T05:24:22.403111Z","level":"info","event":"Processing page 28","logger":"root","filename":"vietrace_automated.py","lineno":76}
{"timestamp":"2025-11-27T05:24:24.625820Z","level":"info","event":"Found 10 visible athletes on page 28","logger":"root","filename":"vietrace_automated.py","lineno":89}
{"timestamp":"2025-11-27T05:24:25.149835Z","level":"info","event":"Processed: 271 - Phan Hoang","logger":"root","filename":"vietrace_automated.py","lineno":130}
{"timestamp":"2025-11-27T05:24:25.705830Z","level":"info","event":"Processed: 272 - NGUYEN VAN HO","logger":"root","filename":"vietrace_automated.py","lineno":130}
{"timestamp":"2025-11-27T05:24:26.210840Z","level":"info","event":"Processed: 273 - Lương Thanh Tùng","logger":"root","filename":"vietrace_automated.py","lineno":130}
{"timestamp":"2025-11-27T05:24:26.725335Z","level":"info","event":"Processed: 274 - NGUYEN HOANG HIEU","logger":"root","filename":"vietrace_automated.py","lineno":130}
{"timestamp":"2025-11-27T05:24:27.233475Z","level":"info","event":"Processed: 275 - NGUYEN TIEN KHANH","logger":"root","filename":"vietrace_automated.py","lineno":130}
{"timestamp":"2025-11-27T05:24:27.762960Z","level":"info","event":"Processed: 276 - TRAN THI HIEU","logger":"root","filename":"vietrace_automated.py","lineno":130}
{"timestamp":"2025-11-27T05:24:28.307943Z","level":"info","event":"Processed: 277 - Tran Duy","logger":"root","filename":"vietrace_automated.py","lineno":130}
{"timestamp":"2025-11-27T05:24:28.853079Z","level":"info","event":"Processed: 278 - VINH LE HOANG","logger":"root","filename":"vietrace_automated.py","lineno":130}
{"timestamp":"2025-11-27T05:24:29.381915Z","level":"info","event":"Processed: 279 - Nguyen Huy","logger":"root","filename":"vietrace_automated.py","lineno":130}
{"timestamp":"2025-11-27T05:24:29.898801Z","level":"info","event":"Processed: 280 - HUONG DANG TRAN LAN","logger":"root","filename":"vietrace_automated.py","lineno":130}
{"timestamp":"2025-11-27T05:24:29.967211Z","level":"info","event":"Total pagination elements: 16","logger":"root","filename":"vietrace_automated.py","lineno":152}
{"timestamp":"2025-11-27T05:24:32.219201Z","level":"info","event":"Processing page 29","logger":"root","filename":"vietrace_automated.py","lineno":76}
{"timestamp":"2025-11-27T05:24:34.466495Z","level":"info","event":"Found 10 visible athletes on page 29","logger":"root","filename":"vietrace_automated.py","lineno":89}
{"timestamp":"2025-11-27T05:24:34.966710Z","level":"info","event":"Processed: 281 - Dang Son","logger":"root","filename":"vietrace_automated.py","lineno":130}
{"timestamp":"2025-11-27T05:24:35.479033Z","level":"info","event":"Processed: 282 - DAC CHU SY","logger":"root","filename":"vietrace_automated.py","lineno":130}
{"timestamp":"2025-11-27T05:24:35.991135Z","level":"info","event":"Processed: 283 - DUC LUYEN TIEN","logger":"root","filename":"vietrace_automated.py","lineno":130}
{"timestamp":"2025-11-27T05:24:36.525584Z","level":"info","event":"Processed: 284 - Trần Việt Anh","logger":"root","filename":"vietrace_automated.py","lineno":130}
{"timestamp":"2025-11-27T05:24:37.025209Z","level":"info","event":"Processed: 285 - NGUYEN DUC THANH","logger":"root","filename":"vietrace_automated.py","lineno":130}
{"timestamp":"2025-11-27T05:24:37.565964Z","level":"info","event":"Processed: 286 - HÙNG VŨ VIỆT","logger":"root","filename":"vietrace_automated.py","lineno":130}
{"timestamp":"2025-11-27T05:24:38.098753Z","level":"info","event":"Processed: 287 - BUI THI TUYET MAI","logger":"root","filename":"vietrace_automated.py","lineno":130}
{"timestamp":"2025-11-27T05:24:38.628272Z","level":"info","event":"Processed: 288 - NGUYEN VIET DUC","logger":"root","filename":"vietrace_automated.py","lineno":130}
{"timestamp":"2025-11-27T05:24:39.145506Z","level":"info","event":"Processed: 289 - Luong Vy","logger":"root","filename":"vietrace_automated.py","lineno":130}
{"timestamp":"2025-11-27T05:24:39.647637Z","level":"info","event":"Processed: 290 - HUY NGUYỄN AN","logger":"root","filename":"vietrace_automated.py","lineno":130}
{"timestamp":"2025-11-27T05:24:39.716009Z","level":"info","event":"Total pagination elements: 16","logger":"root","filename":"vietrace_automated.py","lineno":152}
{"timestamp":"2025-11-27T05:24:41.966018Z","level":"info","event":"Processing page 30","logger":"root","filename":"vietrace_automated.py","lineno":76}
{"timestamp":"2025-11-27T05:24:44.239625Z","level":"info","event":"Found 10 visible athletes on page 30","logger":"root","filename":"vietrace_automated.py","lineno":89}
{"timestamp":"2025-11-27T05:24:44.749942Z","level":"info","event":"Processed: 291 - Trần Thị Huyền Tâm","logger":"root","filename":"vietrace_automated.py","lineno":130}
{"timestamp":"2025-11-27T05:24:45.301608Z","level":"info","event":"Processed: 292 - Hau Tran Phuoc","logger":"root","filename":"vietrace_automated.py","lineno":130}
{"timestamp":"2025-11-27T05:24:45.817934Z","level":"info","event":"Processed: 293 - Minh Duy Vu","logger":"root","filename":"vietrace_automated.py","lineno":130}
{"timestamp":"2025-11-27T05:24:46.339129Z","level":"info","event":"Processed: 294 - DAT NGUYEN QUOC","logger":"root","filename":"vietrace_automated.py","lineno":130}
{"timestamp":"2025-11-27T05:24:46.871168Z","level":"info","event":"Processed: 295 - Ho Quoc Thang","logger":"root","filename":"vietrace_automated.py","lineno":130}
{"timestamp":"2025-11-27T05:24:47.401711Z","level":"info","event":"Processed: 296 - TRAM VO HUYEN","logger":"root","filename":"vietrace_automated.py","lineno":130}
{"timestamp":"2025-11-27T05:24:47.899238Z","level":"info","event":"Processed: 297 - NGUYEN MINH TU","logger":"root","filename":"vietrace_automated.py","lineno":130}
{"timestamp":"2025-11-27T05:24:48.408123Z","level":"info","event":"Processed: 298 - HA KIEU MY","logger":"root","filename":"vietrace_automated.py","lineno":130}
{"timestamp":"2025-11-27T05:24:48.927220Z","level":"info","event":"Processed: 299 - Nguyễn Quang Thành","logger":"root","filename":"vietrace_automated.py","lineno":130}
{"timestamp":"2025-11-27T05:24:49.447650Z","level":"info","event":"Processed: 300 - Linh Nguyen","logger":"root","filename":"vietrace_automated.py","lineno":130}
{"timestamp":"2025-11-27T05:24:49.516382Z","level":"info","event":"Total pagination elements: 16","logger":"root","filename":"vietrace_automated.py","lineno":152}
{"timestamp":"2025-11-27T05:24:51.772332Z","level":"info","event":"Processing page 31","logger":"root","filename":"vietrace_automated.py","lineno":76}
{"timestamp":"2025-11-27T05:24:53.994219Z","level":"info","event":"Found 10 visible athletes on page 31","logger":"root","filename":"vietrace_automated.py","lineno":89}
{"timestamp":"2025-11-27T05:24:54.525237Z","level":"info","event":"Processed: 301 - Nguyễn Vân","logger":"root","filename":"vietrace_automated.py","lineno":130}
{"timestamp":"2025-11-27T05:24:55.038234Z","level":"info","event":"Processed: 302 - Le Hai","logger":"root","filename":"vietrace_automated.py","lineno":130}
{"timestamp":"2025-11-27T05:24:55.584443Z","level":"info","event":"Processed: 303 - NGUYEN KHAC XUAN BACH","logger":"root","filename":"vietrace_automated.py","lineno":130}
{"timestamp":"2025-11-27T05:24:56.142039Z","level":"info","event":"Processed: 304 - NGUYEN DUY THONG","logger":"root","filename":"vietrace_automated.py","lineno":130}
{"timestamp":"2025-11-27T05:24:56.671261Z","level":"info","event":"Processed: 305 - Dao Tan","logger":"root","filename":"vietrace_automated.py","lineno":130}
{"timestamp":"2025-11-27T05:24:57.217469Z","level":"info","event":"Processed: 306 - Luân Đặng Văn","logger":"root","filename":"vietrace_automated.py","lineno":130}
{"timestamp":"2025-11-27T05:24:57.758750Z","level":"info","event":"Processed: 307 - HA BUI THU","logger":"root","filename":"vietrace_automated.py","lineno":130}
{"timestamp":"2025-11-27T05:24:58.297671Z","level":"info","event":"Processed: 308 - HUYNH THAI HOA","logger":"root","filename":"vietrace_automated.py","lineno":130}
{"timestamp":"2025-11-27T05:24:58.842268Z","level":"info","event":"Processed: 309 - TAN TRAN HUYNH MINH","logger":"root","filename":"vietrace_automated.py","lineno":130}
{"timestamp":"2025-11-27T05:24:59.357383Z","level":"info","event":"Processed: 310 - HO MINH CHI TAN","logger":"root","filename":"vietrace_automated.py","lineno":130}
{"timestamp":"2025-11-27T05:24:59.422153Z","level":"info","event":"Total pagination elements: 13","logger":"root","filename":"vietrace_automated.py","lineno":152}
{"timestamp":"2025-11-27T05:25:01.628584Z","level":"info","event":"Processing page 32","logger":"root","filename":"vietrace_automated.py","lineno":76}
{"timestamp":"2025-11-27T05:25:03.867734Z","level":"info","event":"Found 10 visible athletes on page 32","logger":"root","filename":"vietrace_automated.py","lineno":89}
{"timestamp":"2025-11-27T05:25:04.387959Z","level":"info","event":"Processed: 311 - Nguyễn Hải Hạnh","logger":"root","filename":"vietrace_automated.py","lineno":130}
{"timestamp":"2025-11-27T05:25:04.909277Z","level":"info","event":"Processed: 312 - NGUYEN ANH QUAN","logger":"root","filename":"vietrace_automated.py","lineno":130}
{"timestamp":"2025-11-27T05:25:05.433566Z","level":"info","event":"Processed: 313 - AN PHAN TRUONG","logger":"root","filename":"vietrace_automated.py","lineno":130}
{"timestamp":"2025-11-27T05:25:05.967606Z","level":"info","event":"Processed: 314 - NGUYEN NGOC DUY","logger":"root","filename":"vietrace_automated.py","lineno":130}
{"timestamp":"2025-11-27T05:25:06.524408Z","level":"info","event":"Processed: 315 - NGUYEN HOANG LONG","logger":"root","filename":"vietrace_automated.py","lineno":130}
{"timestamp":"2025-11-27T05:25:07.096301Z","level":"info","event":"Processed: 316 - LIEM PHAN HOANG GIA","logger":"root","filename":"vietrace_automated.py","lineno":130}
{"timestamp":"2025-11-27T05:25:07.637924Z","level":"info","event":"Processed: 317 - Tùng Nguyễn Xuân","logger":"root","filename":"vietrace_automated.py","lineno":130}
{"timestamp":"2025-11-27T05:25:08.160265Z","level":"info","event":"Processed: 318 - PHUNG THI HUONG","logger":"root","filename":"vietrace_automated.py","lineno":130}
{"timestamp":"2025-11-27T05:25:08.699006Z","level":"info","event":"Processed: 319 - Nguyen Diep","logger":"root","filename":"vietrace_automated.py","lineno":130}
{"timestamp":"2025-11-27T05:25:09.247327Z","level":"info","event":"Processed: 320 - LÊ QUANG TÂM","logger":"root","filename":"vietrace_automated.py","lineno":130}
{"timestamp":"2025-11-27T05:25:09.305616Z","level":"info","event":"Total pagination elements: 13","logger":"root","filename":"vietrace_automated.py","lineno":152}
{"timestamp":"2025-11-27T05:25:11.487162Z","level":"info","event":"Processing page 33","logger":"root","filename":"vietrace_automated.py","lineno":76}
{"timestamp":"2025-11-27T05:25:13.613864Z","level":"info","event":"Found 4 visible athletes on page 33","logger":"root","filename":"vietrace_automated.py","lineno":89}
{"timestamp":"2025-11-27T05:25:14.029346Z","level":"info","event":"Processed: 321 - HIEU NGUYEN XUAN","logger":"root","filename":"vietrace_automated.py","lineno":130}
{"timestamp":"2025-11-27T05:25:14.489396Z","level":"info","event":"Processed: 322 - Tấn Thành Phạm","logger":"root","filename":"vietrace_automated.py","lineno":130}
{"timestamp":"2025-11-27T05:25:14.932615Z","level":"info","event":"Processed: 323 - Phạm Tân","logger":"root","filename":"vietrace_automated.py","lineno":130}
{"timestamp":"2025-11-27T05:25:15.359406Z","level":"info","event":"Processed: 324 - HIEU LE BA","logger":"root","filename":"vietrace_automated.py","lineno":130}
{"timestamp":"2025-11-27T05:25:15.425726Z","level":"info","event":"Total pagination elements: 13","logger":"root","filename":"vietrace_automated.py","lineno":152}
{"timestamp":"2025-11-27T05:25:15.538653Z","level":"info","event":"Reached last page!","logger":"root","filename":"vietrace_automated.py","lineno":161}
{"timestamp":"2025-11-27T05:25:15.709544Z","level":"info","event":"Saved scoreboard to /opt/airflow/data/vietrace/20251127_122001_scoreboard.csv","logger":"root","filename":"vietrace_automated.py","lineno":208}
{"timestamp":"2025-11-27T05:25:15.710183Z","level":"info","event":"Done. Returned value was: /opt/airflow/data/vietrace/20251127_122001_scoreboard.csv","logger":"airflow.task.operators.airflow.providers.standard.decorators.python._PythonDecoratedOperator","filename":"python.py","lineno":215}
{"timestamp":"2025-11-27T05:25:15.711356Z","level":"info","event":"Pushing xcom","ti":"RuntimeTaskInstance(id=UUID('019ac3c1-0d02-7de6-b6bf-5f441b6c833f'), task_id='scrape', dag_id='automated_vietrace_scraper', run_id='scheduled__2025-11-27T05:20:00+00:00', try_number=1, dag_version_id=UUID('019ac30d-d75c-796b-a994-68ad82c7144b'), map_index=-1, hostname='46b00f18a0ef', context_carrier={}, task=<Task(_PythonDecoratedOperator): scrape>, bundle_instance=LocalDagBundle(name=dags-folder), max_tries=3, start_date=datetime.datetime(2025, 11, 27, 5, 20, 0, 397937, tzinfo=datetime.timezone.utc), end_date=None, state=<TaskInstanceState.RUNNING: 'running'>, is_mapped=False, rendered_map_index=None)","logger":"task","filename":"task_runner.py","lineno":1360}
{"timestamp":"2025-11-27T05:25:15.764705Z","level":"info","event":"Task instance in success state","logger":"task.stdout"}
{"timestamp":"2025-11-27T05:25:15.765443Z","level":"info","event":" Previous state of the Task instance: TaskInstanceState.RUNNING","logger":"task.stdout"}
{"timestamp":"2025-11-27T05:25:15.765996Z","level":"info","event":"Task operator:<Task(_PythonDecoratedOperator): scrape>","logger":"task.stdout"}
