{"timestamp":"2025-11-27T06:10:00.966961Z","level":"info","event":"DAG bundles loaded: dags-folder, example_dags","logger":"airflow.dag_processing.bundles.manager.DagBundlesManager","filename":"manager.py","lineno":179}
{"timestamp":"2025-11-27T06:10:00.968622Z","level":"info","event":"Filling up the DagBag from /opt/airflow/dags/vietrace_automated.py","logger":"airflow.models.dagbag.DagBag","filename":"dagbag.py","lineno":593}
{"timestamp":"2025-11-27T06:10:01.113622Z","level":"info","event":"Task instance is in running state","logger":"task.stdout"}
{"timestamp":"2025-11-27T06:10:01.114339Z","level":"info","event":" Previous state of the Task instance: TaskInstanceState.QUEUED","logger":"task.stdout"}
{"timestamp":"2025-11-27T06:10:01.115136Z","level":"info","event":"Current task name:scrape","logger":"task.stdout"}
{"timestamp":"2025-11-27T06:10:01.115638Z","level":"info","event":"Dag name:automated_vietrace_scraper","logger":"task.stdout"}
{"timestamp":"2025-11-27T06:10:06.889204Z","level":"info","event":"Processing page 1","logger":"root","filename":"vietrace_automated.py","lineno":76}
{"timestamp":"2025-11-27T06:10:09.234563Z","level":"info","event":"Found 10 visible athletes on page 1","logger":"root","filename":"vietrace_automated.py","lineno":89}
{"timestamp":"2025-11-27T06:10:09.897230Z","level":"info","event":"Processed: 1 - Phan Mai Đức","logger":"root","filename":"vietrace_automated.py","lineno":130}
{"timestamp":"2025-11-27T06:10:10.490070Z","level":"info","event":"Processed: 2 - VU XUAN NAM","logger":"root","filename":"vietrace_automated.py","lineno":130}
{"timestamp":"2025-11-27T06:10:11.094287Z","level":"info","event":"Processed: 3 - TINH CHAU NGOC","logger":"root","filename":"vietrace_automated.py","lineno":130}
{"timestamp":"2025-11-27T06:10:11.695340Z","level":"info","event":"Processed: 4 - Phạm Kiên","logger":"root","filename":"vietrace_automated.py","lineno":130}
{"timestamp":"2025-11-27T06:10:12.240435Z","level":"info","event":"Processed: 5 - DUNG TRAN QUANG","logger":"root","filename":"vietrace_automated.py","lineno":130}
{"timestamp":"2025-11-27T06:10:12.786824Z","level":"info","event":"Processed: 6 - Bùi Hà","logger":"root","filename":"vietrace_automated.py","lineno":130}
{"timestamp":"2025-11-27T06:10:13.327987Z","level":"info","event":"Processed: 7 - Nguyễn Xuân Tú","logger":"root","filename":"vietrace_automated.py","lineno":130}
{"timestamp":"2025-11-27T06:10:13.914814Z","level":"info","event":"Processed: 8 - Manh Nguyen","logger":"root","filename":"vietrace_automated.py","lineno":130}
{"timestamp":"2025-11-27T06:10:14.456481Z","level":"info","event":"Processed: 9 - NGUYEN HOANG DIEU","logger":"root","filename":"vietrace_automated.py","lineno":130}
{"timestamp":"2025-11-27T06:10:15.002985Z","level":"info","event":"Processed: 10 - Hoang Phuong","logger":"root","filename":"vietrace_automated.py","lineno":130}
{"timestamp":"2025-11-27T06:10:15.071954Z","level":"info","event":"Total pagination elements: 15","logger":"root","filename":"vietrace_automated.py","lineno":152}
{"timestamp":"2025-11-27T06:10:17.311789Z","level":"info","event":"Processing page 2","logger":"root","filename":"vietrace_automated.py","lineno":76}
{"timestamp":"2025-11-27T06:10:19.543966Z","level":"info","event":"Found 10 visible athletes on page 2","logger":"root","filename":"vietrace_automated.py","lineno":89}
{"timestamp":"2025-11-27T06:10:20.072039Z","level":"info","event":"Processed: 11 - Nguyễn Trúc Tùng","logger":"root","filename":"vietrace_automated.py","lineno":130}
{"timestamp":"2025-11-27T06:10:20.627547Z","level":"info","event":"Processed: 12 - DO THI PHUONG LAN","logger":"root","filename":"vietrace_automated.py","lineno":130}
{"timestamp":"2025-11-27T06:10:21.166241Z","level":"info","event":"Processed: 13 - NGUYEN TAN TAI","logger":"root","filename":"vietrace_automated.py","lineno":130}
{"timestamp":"2025-11-27T06:10:21.691697Z","level":"info","event":"Processed: 14 - Nguyen Tran Xuan","logger":"root","filename":"vietrace_automated.py","lineno":130}
{"timestamp":"2025-11-27T06:10:22.212603Z","level":"info","event":"Processed: 15 - Nguyen Mi","logger":"root","filename":"vietrace_automated.py","lineno":130}
{"timestamp":"2025-11-27T06:10:22.748854Z","level":"info","event":"Processed: 16 - NGUYEN THI KIM DUY","logger":"root","filename":"vietrace_automated.py","lineno":130}
{"timestamp":"2025-11-27T06:10:23.251864Z","level":"info","event":"Processed: 17 - DOAN CONG DANH","logger":"root","filename":"vietrace_automated.py","lineno":130}
{"timestamp":"2025-11-27T06:10:23.844176Z","level":"info","event":"Processed: 18 - NAM MAI PHUONG","logger":"root","filename":"vietrace_automated.py","lineno":130}
{"timestamp":"2025-11-27T06:10:24.379210Z","level":"info","event":"Processed: 19 - Nguyễn Công","logger":"root","filename":"vietrace_automated.py","lineno":130}
{"timestamp":"2025-11-27T06:10:24.924820Z","level":"info","event":"Processed: 20 - Nguyễn Thao","logger":"root","filename":"vietrace_automated.py","lineno":130}
{"timestamp":"2025-11-27T06:10:24.986004Z","level":"info","event":"Total pagination elements: 15","logger":"root","filename":"vietrace_automated.py","lineno":152}
{"timestamp":"2025-11-27T06:10:27.214847Z","level":"info","event":"Processing page 3","logger":"root","filename":"vietrace_automated.py","lineno":76}
{"timestamp":"2025-11-27T06:10:29.489005Z","level":"info","event":"Found 10 visible athletes on page 3","logger":"root","filename":"vietrace_automated.py","lineno":89}
{"timestamp":"2025-11-27T06:10:30.022896Z","level":"info","event":"Processed: 21 - TRAN MINH LONG","logger":"root","filename":"vietrace_automated.py","lineno":130}
{"timestamp":"2025-11-27T06:10:30.592000Z","level":"info","event":"Processed: 22 - Vũ Dung","logger":"root","filename":"vietrace_automated.py","lineno":130}
{"timestamp":"2025-11-27T06:10:31.085881Z","level":"info","event":"Processed: 23 - NHUNG DAO T HONG","logger":"root","filename":"vietrace_automated.py","lineno":130}
{"timestamp":"2025-11-27T06:10:31.611520Z","level":"info","event":"Processed: 24 - TRA HUYNH THANH","logger":"root","filename":"vietrace_automated.py","lineno":130}
{"timestamp":"2025-11-27T06:10:32.108308Z","level":"info","event":"Processed: 25 - NGUYEN CAO CHI","logger":"root","filename":"vietrace_automated.py","lineno":130}
{"timestamp":"2025-11-27T06:10:32.637835Z","level":"info","event":"Processed: 26 - Lê Tươi","logger":"root","filename":"vietrace_automated.py","lineno":130}
{"timestamp":"2025-11-27T06:10:33.174383Z","level":"info","event":"Processed: 27 - Khai Nguyen","logger":"root","filename":"vietrace_automated.py","lineno":130}
{"timestamp":"2025-11-27T06:10:33.717192Z","level":"info","event":"Processed: 28 - HO SY SON KA","logger":"root","filename":"vietrace_automated.py","lineno":130}
{"timestamp":"2025-11-27T06:10:34.264143Z","level":"info","event":"Processed: 29 - NGUYET NGUYEN THAN MINH","logger":"root","filename":"vietrace_automated.py","lineno":130}
{"timestamp":"2025-11-27T06:10:34.812000Z","level":"info","event":"Processed: 30 - H20 Hana","logger":"root","filename":"vietrace_automated.py","lineno":130}
{"timestamp":"2025-11-27T06:10:34.879010Z","level":"info","event":"Total pagination elements: 15","logger":"root","filename":"vietrace_automated.py","lineno":152}
{"timestamp":"2025-11-27T06:10:37.120212Z","level":"info","event":"Processing page 4","logger":"root","filename":"vietrace_automated.py","lineno":76}
{"timestamp":"2025-11-27T06:10:39.360792Z","level":"info","event":"Found 10 visible athletes on page 4","logger":"root","filename":"vietrace_automated.py","lineno":89}
{"timestamp":"2025-11-27T06:10:39.906084Z","level":"info","event":"Processed: 31 - Nguyễn Quốc Hải","logger":"root","filename":"vietrace_automated.py","lineno":130}
{"timestamp":"2025-11-27T06:10:40.436509Z","level":"info","event":"Processed: 32 - Phạm Chi","logger":"root","filename":"vietrace_automated.py","lineno":130}
{"timestamp":"2025-11-27T06:10:40.963961Z","level":"info","event":"Processed: 33 - NGUYỄN NHƯ TRỌNG","logger":"root","filename":"vietrace_automated.py","lineno":130}
{"timestamp":"2025-11-27T06:10:41.514485Z","level":"info","event":"Processed: 34 - QUYNH VO NGOC NHU","logger":"root","filename":"vietrace_automated.py","lineno":130}
{"timestamp":"2025-11-27T06:10:42.019491Z","level":"info","event":"Processed: 35 - HAI NGUYEN VIET","logger":"root","filename":"vietrace_automated.py","lineno":130}
{"timestamp":"2025-11-27T06:10:42.543583Z","level":"info","event":"Processed: 36 - THU VÂN","logger":"root","filename":"vietrace_automated.py","lineno":130}
{"timestamp":"2025-11-27T06:10:43.084598Z","level":"info","event":"Processed: 37 - NGUYEN SONG QUYNH MY","logger":"root","filename":"vietrace_automated.py","lineno":130}
{"timestamp":"2025-11-27T06:10:43.604544Z","level":"info","event":"Processed: 38 - LAM NGOC LONG","logger":"root","filename":"vietrace_automated.py","lineno":130}
{"timestamp":"2025-11-27T06:10:44.200599Z","level":"info","event":"Processed: 39 - Vũ Tường","logger":"root","filename":"vietrace_automated.py","lineno":130}
{"timestamp":"2025-11-27T06:10:44.700566Z","level":"info","event":"Processed: 40 - Nguyen Hung","logger":"root","filename":"vietrace_automated.py","lineno":130}
{"timestamp":"2025-11-27T06:10:44.767203Z","level":"info","event":"Total pagination elements: 15","logger":"root","filename":"vietrace_automated.py","lineno":152}
{"timestamp":"2025-11-27T06:10:47.014228Z","level":"info","event":"Processing page 5","logger":"root","filename":"vietrace_automated.py","lineno":76}
{"timestamp":"2025-11-27T06:10:49.242340Z","level":"info","event":"Found 10 visible athletes on page 5","logger":"root","filename":"vietrace_automated.py","lineno":89}
{"timestamp":"2025-11-27T06:10:49.770321Z","level":"info","event":"Processed: 41 - Nguyễn Duy","logger":"root","filename":"vietrace_automated.py","lineno":130}
{"timestamp":"2025-11-27T06:10:50.277526Z","level":"info","event":"Processed: 42 - DAO THI MAI","logger":"root","filename":"vietrace_automated.py","lineno":130}
{"timestamp":"2025-11-27T06:10:50.796508Z","level":"info","event":"Processed: 43 - NGUYEN MINH NHAT","logger":"root","filename":"vietrace_automated.py","lineno":130}
{"timestamp":"2025-11-27T06:10:51.340953Z","level":"info","event":"Processed: 44 - LY LE DIEU","logger":"root","filename":"vietrace_automated.py","lineno":130}
{"timestamp":"2025-11-27T06:10:51.912356Z","level":"info","event":"Processed: 45 - SON PHAM THANH","logger":"root","filename":"vietrace_automated.py","lineno":130}
{"timestamp":"2025-11-27T06:10:52.428579Z","level":"info","event":"Processed: 46 - Vũ Tuấn Anh","logger":"root","filename":"vietrace_automated.py","lineno":130}
{"timestamp":"2025-11-27T06:10:52.960976Z","level":"info","event":"Processed: 47 - Dat Nguyen Trong","logger":"root","filename":"vietrace_automated.py","lineno":130}
{"timestamp":"2025-11-27T06:10:53.483424Z","level":"info","event":"Processed: 48 - THAI NGUYEN VAN","logger":"root","filename":"vietrace_automated.py","lineno":130}
{"timestamp":"2025-11-27T06:10:54.121249Z","level":"info","event":"Processed: 49 - NGUYỄN HỒNG SANH","logger":"root","filename":"vietrace_automated.py","lineno":130}
{"timestamp":"2025-11-27T06:10:54.659408Z","level":"info","event":"Processed: 50 - Son Pham Thi Thanh","logger":"root","filename":"vietrace_automated.py","lineno":130}
{"timestamp":"2025-11-27T06:10:54.722429Z","level":"info","event":"Total pagination elements: 15","logger":"root","filename":"vietrace_automated.py","lineno":152}
{"timestamp":"2025-11-27T06:10:56.958048Z","level":"info","event":"Processing page 6","logger":"root","filename":"vietrace_automated.py","lineno":76}
{"timestamp":"2025-11-27T06:10:59.185794Z","level":"info","event":"Found 10 visible athletes on page 6","logger":"root","filename":"vietrace_automated.py","lineno":89}
{"timestamp":"2025-11-27T06:10:59.695042Z","level":"info","event":"Processed: 51 - CHIEN NGUYEN VAN","logger":"root","filename":"vietrace_automated.py","lineno":130}
{"timestamp":"2025-11-27T06:11:00.223784Z","level":"info","event":"Processed: 52 - Lam Nguy","logger":"root","filename":"vietrace_automated.py","lineno":130}
{"timestamp":"2025-11-27T06:11:00.770754Z","level":"info","event":"Processed: 53 - Le Cong","logger":"root","filename":"vietrace_automated.py","lineno":130}
{"timestamp":"2025-11-27T06:11:01.321824Z","level":"info","event":"Processed: 54 - Thuy Hong Duong","logger":"root","filename":"vietrace_automated.py","lineno":130}
{"timestamp":"2025-11-27T06:11:01.920397Z","level":"info","event":"Processed: 55 - Nguyễn Hoàng Nam","logger":"root","filename":"vietrace_automated.py","lineno":130}
{"timestamp":"2025-11-27T06:11:02.477606Z","level":"info","event":"Processed: 56 - HUYNH NGUYET THU","logger":"root","filename":"vietrace_automated.py","lineno":130}
{"timestamp":"2025-11-27T06:11:03.023091Z","level":"info","event":"Processed: 57 - BACH MAI XUAN","logger":"root","filename":"vietrace_automated.py","lineno":130}
{"timestamp":"2025-11-27T06:11:03.579303Z","level":"info","event":"Processed: 58 - Trương Tuấn","logger":"root","filename":"vietrace_automated.py","lineno":130}
{"timestamp":"2025-11-27T06:11:04.146070Z","level":"info","event":"Processed: 59 - DUNG NGUYEN TIEN","logger":"root","filename":"vietrace_automated.py","lineno":130}
{"timestamp":"2025-11-27T06:11:04.704925Z","level":"info","event":"Processed: 60 - Thuy Dinh Thi Thanh","logger":"root","filename":"vietrace_automated.py","lineno":130}
{"timestamp":"2025-11-27T06:11:04.772613Z","level":"info","event":"Total pagination elements: 16","logger":"root","filename":"vietrace_automated.py","lineno":152}
{"timestamp":"2025-11-27T06:11:07.027823Z","level":"info","event":"Processing page 7","logger":"root","filename":"vietrace_automated.py","lineno":76}
{"timestamp":"2025-11-27T06:11:09.282269Z","level":"info","event":"Found 10 visible athletes on page 7","logger":"root","filename":"vietrace_automated.py","lineno":89}
{"timestamp":"2025-11-27T06:11:09.871881Z","level":"info","event":"Processed: 61 - HUỲNH GIANG","logger":"root","filename":"vietrace_automated.py","lineno":130}
{"timestamp":"2025-11-27T06:11:10.395347Z","level":"info","event":"Processed: 62 - TRINH NGOC Y","logger":"root","filename":"vietrace_automated.py","lineno":130}
{"timestamp":"2025-11-27T06:11:10.956362Z","level":"info","event":"Processed: 63 - TRAN THANH HA","logger":"root","filename":"vietrace_automated.py","lineno":130}
{"timestamp":"2025-11-27T06:11:11.536879Z","level":"info","event":"Processed: 64 - THANH DO SY","logger":"root","filename":"vietrace_automated.py","lineno":130}
{"timestamp":"2025-11-27T06:11:12.169969Z","level":"info","event":"Processed: 65 - LE DINH DUC TRONG","logger":"root","filename":"vietrace_automated.py","lineno":130}
{"timestamp":"2025-11-27T06:11:12.827389Z","level":"info","event":"Processed: 66 - DUNG NGUYEN TUAN","logger":"root","filename":"vietrace_automated.py","lineno":130}
{"timestamp":"2025-11-27T06:11:13.422796Z","level":"info","event":"Processed: 67 - Vo Thuy Trang","logger":"root","filename":"vietrace_automated.py","lineno":130}
{"timestamp":"2025-11-27T06:11:14.005855Z","level":"info","event":"Processed: 68 - HAN PHAM BAO","logger":"root","filename":"vietrace_automated.py","lineno":130}
{"timestamp":"2025-11-27T06:11:14.538804Z","level":"info","event":"Processed: 69 - PHAM THI THU TRANG","logger":"root","filename":"vietrace_automated.py","lineno":130}
{"timestamp":"2025-11-27T06:11:15.113720Z","level":"info","event":"Processed: 70 - Hai Pham Ngoc","logger":"root","filename":"vietrace_automated.py","lineno":130}
{"timestamp":"2025-11-27T06:11:15.189322Z","level":"info","event":"Total pagination elements: 16","logger":"root","filename":"vietrace_automated.py","lineno":152}
{"timestamp":"2025-11-27T06:11:17.427852Z","level":"info","event":"Processing page 8","logger":"root","filename":"vietrace_automated.py","lineno":76}
{"timestamp":"2025-11-27T06:11:19.677051Z","level":"info","event":"Found 10 visible athletes on page 8","logger":"root","filename":"vietrace_automated.py","lineno":89}
{"timestamp":"2025-11-27T06:11:20.214470Z","level":"info","event":"Processed: 71 - NHI TRAN NGOC YEN","logger":"root","filename":"vietrace_automated.py","lineno":130}
{"timestamp":"2025-11-27T06:11:20.737249Z","level":"info","event":"Processed: 72 - VY MAN","logger":"root","filename":"vietrace_automated.py","lineno":130}
{"timestamp":"2025-11-27T06:11:21.229095Z","level":"info","event":"Processed: 73 - LE DANG THUC","logger":"root","filename":"vietrace_automated.py","lineno":130}
{"timestamp":"2025-11-27T06:11:21.747395Z","level":"info","event":"Processed: 74 - LUONG PHAM BA","logger":"root","filename":"vietrace_automated.py","lineno":130}
{"timestamp":"2025-11-27T06:11:22.299202Z","level":"info","event":"Processed: 75 - AN LE DINH TRUONG","logger":"root","filename":"vietrace_automated.py","lineno":130}
{"timestamp":"2025-11-27T06:11:22.847226Z","level":"info","event":"Processed: 76 - LIEM HOANG HAI","logger":"root","filename":"vietrace_automated.py","lineno":130}
{"timestamp":"2025-11-27T06:11:23.390527Z","level":"info","event":"Processed: 77 - TUẤN NGUYỄN VĂN","logger":"root","filename":"vietrace_automated.py","lineno":130}
{"timestamp":"2025-11-27T06:11:23.997938Z","level":"info","event":"Processed: 78 - Nguyễn Thị Hoàng Diệu","logger":"root","filename":"vietrace_automated.py","lineno":130}
{"timestamp":"2025-11-27T06:11:24.523761Z","level":"info","event":"Processed: 79 - Khiem Nguyen Trong","logger":"root","filename":"vietrace_automated.py","lineno":130}
{"timestamp":"2025-11-27T06:11:25.067233Z","level":"info","event":"Processed: 80 - Nguyen Minh Duc","logger":"root","filename":"vietrace_automated.py","lineno":130}
{"timestamp":"2025-11-27T06:11:25.131727Z","level":"info","event":"Total pagination elements: 16","logger":"root","filename":"vietrace_automated.py","lineno":152}
{"timestamp":"2025-11-27T06:11:27.383963Z","level":"info","event":"Processing page 9","logger":"root","filename":"vietrace_automated.py","lineno":76}
{"timestamp":"2025-11-27T06:11:29.633781Z","level":"info","event":"Found 10 visible athletes on page 9","logger":"root","filename":"vietrace_automated.py","lineno":89}
{"timestamp":"2025-11-27T06:11:30.167274Z","level":"info","event":"Processed: 81 - NGUYEN THI TUYET","logger":"root","filename":"vietrace_automated.py","lineno":130}
{"timestamp":"2025-11-27T06:11:30.767416Z","level":"info","event":"Processed: 82 - Nguyễn Ly","logger":"root","filename":"vietrace_automated.py","lineno":130}
{"timestamp":"2025-11-27T06:11:31.340699Z","level":"info","event":"Processed: 83 - LE THI KIM SON","logger":"root","filename":"vietrace_automated.py","lineno":130}
{"timestamp":"2025-11-27T06:11:31.918696Z","level":"info","event":"Processed: 84 - SON VU TUAN","logger":"root","filename":"vietrace_automated.py","lineno":130}
{"timestamp":"2025-11-27T06:11:32.462826Z","level":"info","event":"Processed: 85 - LE THE HOANG","logger":"root","filename":"vietrace_automated.py","lineno":130}
{"timestamp":"2025-11-27T06:11:33.026040Z","level":"info","event":"Processed: 86 - trần kim","logger":"root","filename":"vietrace_automated.py","lineno":130}
{"timestamp":"2025-11-27T06:11:33.583593Z","level":"info","event":"Processed: 87 - Hàn Thu","logger":"root","filename":"vietrace_automated.py","lineno":130}
{"timestamp":"2025-11-27T06:11:34.179085Z","level":"info","event":"Processed: 88 - DANH NT","logger":"root","filename":"vietrace_automated.py","lineno":130}
{"timestamp":"2025-11-27T06:11:34.696050Z","level":"info","event":"Processed: 89 - Tống Hiển","logger":"root","filename":"vietrace_automated.py","lineno":130}
{"timestamp":"2025-11-27T06:11:35.253507Z","level":"info","event":"Processed: 90 - NGUYEN DANG KHOA","logger":"root","filename":"vietrace_automated.py","lineno":130}
{"timestamp":"2025-11-27T06:11:35.320212Z","level":"info","event":"Total pagination elements: 16","logger":"root","filename":"vietrace_automated.py","lineno":152}
{"timestamp":"2025-11-27T06:11:37.562921Z","level":"info","event":"Processing page 10","logger":"root","filename":"vietrace_automated.py","lineno":76}
{"timestamp":"2025-11-27T06:11:39.773915Z","level":"info","event":"Found 10 visible athletes on page 10","logger":"root","filename":"vietrace_automated.py","lineno":89}
{"timestamp":"2025-11-27T06:11:40.304883Z","level":"info","event":"Processed: 91 - Nguyen Minh Duc","logger":"root","filename":"vietrace_automated.py","lineno":130}
{"timestamp":"2025-11-27T06:11:40.812665Z","level":"info","event":"Processed: 92 - NGUYỄN VĂN THƠ","logger":"root","filename":"vietrace_automated.py","lineno":130}
{"timestamp":"2025-11-27T06:11:41.316283Z","level":"info","event":"Processed: 93 - QUANG NGUYEN MINH","logger":"root","filename":"vietrace_automated.py","lineno":130}
{"timestamp":"2025-11-27T06:11:41.818081Z","level":"info","event":"Processed: 94 - Nguyễn Phú Cường","logger":"root","filename":"vietrace_automated.py","lineno":130}
{"timestamp":"2025-11-27T06:11:42.387258Z","level":"info","event":"Processed: 95 - HOANG PHAM DUC","logger":"root","filename":"vietrace_automated.py","lineno":130}
{"timestamp":"2025-11-27T06:11:42.919933Z","level":"info","event":"Processed: 96 - DO NAM ANH","logger":"root","filename":"vietrace_automated.py","lineno":130}
{"timestamp":"2025-11-27T06:11:43.417093Z","level":"info","event":"Processed: 97 - CUONG VO PHU","logger":"root","filename":"vietrace_automated.py","lineno":130}
{"timestamp":"2025-11-27T06:11:44.016917Z","level":"info","event":"Processed: 98 - Dang Van Huy","logger":"root","filename":"vietrace_automated.py","lineno":130}
{"timestamp":"2025-11-27T06:11:44.562506Z","level":"info","event":"Processed: 99 - Le Suong","logger":"root","filename":"vietrace_automated.py","lineno":130}
{"timestamp":"2025-11-27T06:11:45.123994Z","level":"info","event":"Processed: 100 - NGUYEN HUU THIEN TIN","logger":"root","filename":"vietrace_automated.py","lineno":130}
{"timestamp":"2025-11-27T06:11:45.195649Z","level":"info","event":"Total pagination elements: 16","logger":"root","filename":"vietrace_automated.py","lineno":152}
{"timestamp":"2025-11-27T06:11:47.461523Z","level":"info","event":"Processing page 11","logger":"root","filename":"vietrace_automated.py","lineno":76}
{"timestamp":"2025-11-27T06:11:49.705530Z","level":"info","event":"Found 10 visible athletes on page 11","logger":"root","filename":"vietrace_automated.py","lineno":89}
{"timestamp":"2025-11-27T06:11:50.258774Z","level":"info","event":"Processed: 101 - THONG HO NGUYEN MINH","logger":"root","filename":"vietrace_automated.py","lineno":130}
{"timestamp":"2025-11-27T06:11:50.839135Z","level":"info","event":"Processed: 102 - TRUONG VO NGOC CHAU","logger":"root","filename":"vietrace_automated.py","lineno":130}
{"timestamp":"2025-11-27T06:11:51.366214Z","level":"info","event":"Processed: 103 - Nguyen Giang","logger":"root","filename":"vietrace_automated.py","lineno":130}
{"timestamp":"2025-11-27T06:11:51.890979Z","level":"info","event":"Processed: 104 - KHOA NGUYEN ANH","logger":"root","filename":"vietrace_automated.py","lineno":130}
{"timestamp":"2025-11-27T06:11:52.426142Z","level":"info","event":"Processed: 105 - KHANG VO MINH","logger":"root","filename":"vietrace_automated.py","lineno":130}
{"timestamp":"2025-11-27T06:11:52.992602Z","level":"info","event":"Processed: 106 - Nguyễn Toàn","logger":"root","filename":"vietrace_automated.py","lineno":130}
{"timestamp":"2025-11-27T06:11:53.547379Z","level":"info","event":"Processed: 107 - NGO MINH HUNG","logger":"root","filename":"vietrace_automated.py","lineno":130}
{"timestamp":"2025-11-27T06:11:54.148746Z","level":"info","event":"Processed: 108 - Hằng Trần Thu","logger":"root","filename":"vietrace_automated.py","lineno":130}
{"timestamp":"2025-11-27T06:11:54.721879Z","level":"info","event":"Processed: 109 - LE VAN TRONG","logger":"root","filename":"vietrace_automated.py","lineno":130}
{"timestamp":"2025-11-27T06:11:55.291443Z","level":"info","event":"Processed: 110 - PHAM CUONG THINH","logger":"root","filename":"vietrace_automated.py","lineno":130}
{"timestamp":"2025-11-27T06:11:55.367594Z","level":"info","event":"Total pagination elements: 16","logger":"root","filename":"vietrace_automated.py","lineno":152}
{"timestamp":"2025-11-27T06:11:57.616624Z","level":"info","event":"Processing page 12","logger":"root","filename":"vietrace_automated.py","lineno":76}
{"timestamp":"2025-11-27T06:11:59.858695Z","level":"info","event":"Found 10 visible athletes on page 12","logger":"root","filename":"vietrace_automated.py","lineno":89}
{"timestamp":"2025-11-27T06:12:00.416947Z","level":"info","event":"Processed: 111 - Anh Thư","logger":"root","filename":"vietrace_automated.py","lineno":130}
{"timestamp":"2025-11-27T06:12:01.001957Z","level":"info","event":"Processed: 112 - Nguyễn Thanh Thiên An","logger":"root","filename":"vietrace_automated.py","lineno":130}
{"timestamp":"2025-11-27T06:12:01.566955Z","level":"info","event":"Processed: 113 - Mr. HAPPY","logger":"root","filename":"vietrace_automated.py","lineno":130}
{"timestamp":"2025-11-27T06:12:02.125157Z","level":"info","event":"Processed: 114 - GIANG HOANG LE","logger":"root","filename":"vietrace_automated.py","lineno":130}
{"timestamp":"2025-11-27T06:12:02.697780Z","level":"info","event":"Processed: 115 - HOANG DUC THANH","logger":"root","filename":"vietrace_automated.py","lineno":130}
{"timestamp":"2025-11-27T06:12:03.246575Z","level":"info","event":"Processed: 116 - NGHIA LE HUU","logger":"root","filename":"vietrace_automated.py","lineno":130}
{"timestamp":"2025-11-27T06:12:03.890627Z","level":"info","event":"Processed: 117 - MANH TRAN DUC","logger":"root","filename":"vietrace_automated.py","lineno":130}
{"timestamp":"2025-11-27T06:12:04.473042Z","level":"info","event":"Processed: 118 - Lê Thị Nguyện","logger":"root","filename":"vietrace_automated.py","lineno":130}
{"timestamp":"2025-11-27T06:12:05.048387Z","level":"info","event":"Processed: 119 - DUC THO DOAN","logger":"root","filename":"vietrace_automated.py","lineno":130}
{"timestamp":"2025-11-27T06:12:05.654005Z","level":"info","event":"Processed: 120 - Nguyễn Lê Anh Hạ","logger":"root","filename":"vietrace_automated.py","lineno":130}
{"timestamp":"2025-11-27T06:12:05.738386Z","level":"info","event":"Total pagination elements: 16","logger":"root","filename":"vietrace_automated.py","lineno":152}
{"timestamp":"2025-11-27T06:12:08.001814Z","level":"info","event":"Processing page 13","logger":"root","filename":"vietrace_automated.py","lineno":76}
{"timestamp":"2025-11-27T06:12:10.234288Z","level":"info","event":"Found 10 visible athletes on page 13","logger":"root","filename":"vietrace_automated.py","lineno":89}
{"timestamp":"2025-11-27T06:12:10.778638Z","level":"info","event":"Processed: 121 - NGUYEN THI LAN THANH","logger":"root","filename":"vietrace_automated.py","lineno":130}
{"timestamp":"2025-11-27T06:12:11.301679Z","level":"info","event":"Processed: 122 - DIEP DINH NGOC","logger":"root","filename":"vietrace_automated.py","lineno":130}
{"timestamp":"2025-11-27T06:12:11.827435Z","level":"info","event":"Processed: 123 - LUU THI THU HIEN","logger":"root","filename":"vietrace_automated.py","lineno":130}
{"timestamp":"2025-11-27T06:12:12.341841Z","level":"info","event":"Processed: 124 - NGUYEN DINH TUAN","logger":"root","filename":"vietrace_automated.py","lineno":130}
{"timestamp":"2025-11-27T06:12:12.837776Z","level":"info","event":"Processed: 125 - Nguyễn Nguyên","logger":"root","filename":"vietrace_automated.py","lineno":130}
{"timestamp":"2025-11-27T06:12:13.375554Z","level":"info","event":"Processed: 126 - LE THI THUY KIEU","logger":"root","filename":"vietrace_automated.py","lineno":130}
{"timestamp":"2025-11-27T06:12:13.958175Z","level":"info","event":"Processed: 127 - Ngọc Lê","logger":"root","filename":"vietrace_automated.py","lineno":130}
{"timestamp":"2025-11-27T06:12:14.514990Z","level":"info","event":"Processed: 128 - QUYNH ANH NGUYEN THI","logger":"root","filename":"vietrace_automated.py","lineno":130}
{"timestamp":"2025-11-27T06:12:15.001484Z","level":"info","event":"Processed: 129 - NGUYEN T NGOC HUONG","logger":"root","filename":"vietrace_automated.py","lineno":130}
{"timestamp":"2025-11-27T06:12:15.511900Z","level":"info","event":"Processed: 130 - Nguyễn Huy Thành","logger":"root","filename":"vietrace_automated.py","lineno":130}
{"timestamp":"2025-11-27T06:12:15.580294Z","level":"info","event":"Total pagination elements: 16","logger":"root","filename":"vietrace_automated.py","lineno":152}
{"timestamp":"2025-11-27T06:12:17.814729Z","level":"info","event":"Processing page 14","logger":"root","filename":"vietrace_automated.py","lineno":76}
{"timestamp":"2025-11-27T06:12:20.042304Z","level":"info","event":"Found 10 visible athletes on page 14","logger":"root","filename":"vietrace_automated.py","lineno":89}
{"timestamp":"2025-11-27T06:12:20.593811Z","level":"info","event":"Processed: 131 - Nguyễn Đăng Tới","logger":"root","filename":"vietrace_automated.py","lineno":130}
{"timestamp":"2025-11-27T06:12:21.128938Z","level":"info","event":"Processed: 132 - NGUYEN VAN THIEN","logger":"root","filename":"vietrace_automated.py","lineno":130}
{"timestamp":"2025-11-27T06:12:21.639738Z","level":"info","event":"Processed: 133 - Nguyen Yen Phi","logger":"root","filename":"vietrace_automated.py","lineno":130}
{"timestamp":"2025-11-27T06:12:22.162479Z","level":"info","event":"Processed: 134 - Tuấn Hoàng","logger":"root","filename":"vietrace_automated.py","lineno":130}
{"timestamp":"2025-11-27T06:12:22.683002Z","level":"info","event":"Processed: 135 - Hanh Le Hong","logger":"root","filename":"vietrace_automated.py","lineno":130}
{"timestamp":"2025-11-27T06:12:23.209836Z","level":"info","event":"Processed: 136 - PHAN ANH DUY","logger":"root","filename":"vietrace_automated.py","lineno":130}
{"timestamp":"2025-11-27T06:12:23.745926Z","level":"info","event":"Processed: 137 - DOAN NGOC THIEN","logger":"root","filename":"vietrace_automated.py","lineno":130}
{"timestamp":"2025-11-27T06:12:24.338844Z","level":"info","event":"Processed: 138 - HUONG NGUYEN T DIEM","logger":"root","filename":"vietrace_automated.py","lineno":130}
{"timestamp":"2025-11-27T06:12:24.879599Z","level":"info","event":"Processed: 139 - Ton Hoang","logger":"root","filename":"vietrace_automated.py","lineno":130}
{"timestamp":"2025-11-27T06:12:25.396350Z","level":"info","event":"Processed: 140 - CUONG HOANG MANH","logger":"root","filename":"vietrace_automated.py","lineno":130}
{"timestamp":"2025-11-27T06:12:25.463935Z","level":"info","event":"Total pagination elements: 16","logger":"root","filename":"vietrace_automated.py","lineno":152}
{"timestamp":"2025-11-27T06:12:27.727402Z","level":"info","event":"Processing page 15","logger":"root","filename":"vietrace_automated.py","lineno":76}
{"timestamp":"2025-11-27T06:12:30.001573Z","level":"info","event":"Found 10 visible athletes on page 15","logger":"root","filename":"vietrace_automated.py","lineno":89}
{"timestamp":"2025-11-27T06:12:30.499395Z","level":"info","event":"Processed: 141 - PHAM KHANH","logger":"root","filename":"vietrace_automated.py","lineno":130}
{"timestamp":"2025-11-27T06:12:31.063574Z","level":"info","event":"Processed: 142 - HUNG DO MINH","logger":"root","filename":"vietrace_automated.py","lineno":130}
{"timestamp":"2025-11-27T06:12:31.587028Z","level":"info","event":"Processed: 143 - TRINH DO VAN","logger":"root","filename":"vietrace_automated.py","lineno":130}
{"timestamp":"2025-11-27T06:12:32.131698Z","level":"info","event":"Processed: 144 - Nguyen Hoang Thach","logger":"root","filename":"vietrace_automated.py","lineno":130}
{"timestamp":"2025-11-27T06:12:32.657008Z","level":"info","event":"Processed: 145 - HOANG BUI HUY","logger":"root","filename":"vietrace_automated.py","lineno":130}
{"timestamp":"2025-11-27T06:12:33.171686Z","level":"info","event":"Processed: 146 - Lê Đức Thành","logger":"root","filename":"vietrace_automated.py","lineno":130}
{"timestamp":"2025-11-27T06:12:33.684084Z","level":"info","event":"Processed: 147 - THUY LE THI DIEM","logger":"root","filename":"vietrace_automated.py","lineno":130}
{"timestamp":"2025-11-27T06:12:34.308551Z","level":"info","event":"Processed: 148 - Nguyễn Quỳnh Như","logger":"root","filename":"vietrace_automated.py","lineno":130}
{"timestamp":"2025-11-27T06:12:34.863211Z","level":"info","event":"Processed: 149 - DUONG PHAM","logger":"root","filename":"vietrace_automated.py","lineno":130}
{"timestamp":"2025-11-27T06:12:35.411143Z","level":"info","event":"Processed: 150 - DUC NGUYEN ANH","logger":"root","filename":"vietrace_automated.py","lineno":130}
{"timestamp":"2025-11-27T06:12:35.474608Z","level":"info","event":"Total pagination elements: 16","logger":"root","filename":"vietrace_automated.py","lineno":152}
{"timestamp":"2025-11-27T06:12:37.740360Z","level":"info","event":"Processing page 16","logger":"root","filename":"vietrace_automated.py","lineno":76}
{"timestamp":"2025-11-27T06:12:40.001960Z","level":"info","event":"Found 10 visible athletes on page 16","logger":"root","filename":"vietrace_automated.py","lineno":89}
{"timestamp":"2025-11-27T06:12:40.542585Z","level":"info","event":"Processed: 151 - DAO NGUYEN QUY NAM","logger":"root","filename":"vietrace_automated.py","lineno":130}
{"timestamp":"2025-11-27T06:12:41.090281Z","level":"info","event":"Processed: 152 - VY NGUYEN NGOC THUY","logger":"root","filename":"vietrace_automated.py","lineno":130}
{"timestamp":"2025-11-27T06:12:41.612072Z","level":"info","event":"Processed: 153 - NGUYEN PHUONG THAO","logger":"root","filename":"vietrace_automated.py","lineno":130}
{"timestamp":"2025-11-27T06:12:42.142251Z","level":"info","event":"Processed: 154 - Lê Đăng Hoàng Long","logger":"root","filename":"vietrace_automated.py","lineno":130}
{"timestamp":"2025-11-27T06:12:42.672640Z","level":"info","event":"Processed: 155 - Đỗ Ngân","logger":"root","filename":"vietrace_automated.py","lineno":130}
{"timestamp":"2025-11-27T06:12:43.196105Z","level":"info","event":"Processed: 156 - HUONG NGUYEN THI LAN","logger":"root","filename":"vietrace_automated.py","lineno":130}
{"timestamp":"2025-11-27T06:12:43.720948Z","level":"info","event":"Processed: 157 - Bùi Quỳnh","logger":"root","filename":"vietrace_automated.py","lineno":130}
{"timestamp":"2025-11-27T06:12:44.313255Z","level":"info","event":"Processed: 158 - Bui Tri Dam","logger":"root","filename":"vietrace_automated.py","lineno":130}
{"timestamp":"2025-11-27T06:12:44.864575Z","level":"info","event":"Processed: 159 - Nguyễn Quốc","logger":"root","filename":"vietrace_automated.py","lineno":130}
{"timestamp":"2025-11-27T06:12:45.379552Z","level":"info","event":"Processed: 160 - NGUYEN HONG TIEN","logger":"root","filename":"vietrace_automated.py","lineno":130}
{"timestamp":"2025-11-27T06:12:45.453315Z","level":"info","event":"Total pagination elements: 16","logger":"root","filename":"vietrace_automated.py","lineno":152}
{"timestamp":"2025-11-27T06:12:47.686029Z","level":"info","event":"Processing page 17","logger":"root","filename":"vietrace_automated.py","lineno":76}
{"timestamp":"2025-11-27T06:12:49.921765Z","level":"info","event":"Found 10 visible athletes on page 17","logger":"root","filename":"vietrace_automated.py","lineno":89}
{"timestamp":"2025-11-27T06:12:50.467768Z","level":"info","event":"Processed: 161 - TRAN NGOC HOAI TRUNG","logger":"root","filename":"vietrace_automated.py","lineno":130}
{"timestamp":"2025-11-27T06:12:51.039294Z","level":"info","event":"Processed: 162 - TU NGUYEN THANH","logger":"root","filename":"vietrace_automated.py","lineno":130}
{"timestamp":"2025-11-27T06:12:51.554767Z","level":"info","event":"Processed: 163 - Lê Trang","logger":"root","filename":"vietrace_automated.py","lineno":130}
{"timestamp":"2025-11-27T06:12:52.060752Z","level":"info","event":"Processed: 164 - Dũng Đinh Thanh","logger":"root","filename":"vietrace_automated.py","lineno":130}
{"timestamp":"2025-11-27T06:12:52.586285Z","level":"info","event":"Processed: 165 - NGUYEN TRUNG HIEU (SVT)","logger":"root","filename":"vietrace_automated.py","lineno":130}
{"timestamp":"2025-11-27T06:12:53.094058Z","level":"info","event":"Processed: 166 - ANH HOANG DIEP","logger":"root","filename":"vietrace_automated.py","lineno":130}
{"timestamp":"2025-11-27T06:12:53.617469Z","level":"info","event":"Processed: 167 - CHU HOA BINH","logger":"root","filename":"vietrace_automated.py","lineno":130}
{"timestamp":"2025-11-27T06:12:54.198611Z","level":"info","event":"Processed: 168 - GIANG NGUYEN HONG","logger":"root","filename":"vietrace_automated.py","lineno":130}
{"timestamp":"2025-11-27T06:12:54.703589Z","level":"info","event":"Processed: 169 - Trần Tiến","logger":"root","filename":"vietrace_automated.py","lineno":130}
{"timestamp":"2025-11-27T06:12:55.217070Z","level":"info","event":"Processed: 170 - LE TO HIEU","logger":"root","filename":"vietrace_automated.py","lineno":130}
{"timestamp":"2025-11-27T06:12:55.284216Z","level":"info","event":"Total pagination elements: 16","logger":"root","filename":"vietrace_automated.py","lineno":152}
{"timestamp":"2025-11-27T06:12:57.546902Z","level":"info","event":"Processing page 18","logger":"root","filename":"vietrace_automated.py","lineno":76}
{"timestamp":"2025-11-27T06:12:59.788934Z","level":"info","event":"Found 10 visible athletes on page 18","logger":"root","filename":"vietrace_automated.py","lineno":89}
{"timestamp":"2025-11-27T06:13:00.306371Z","level":"info","event":"Processed: 171 - KHANG NGUYEN MINH","logger":"root","filename":"vietrace_automated.py","lineno":130}
{"timestamp":"2025-11-27T06:13:00.838188Z","level":"info","event":"Processed: 172 - HAU TRINH THANH","logger":"root","filename":"vietrace_automated.py","lineno":130}
{"timestamp":"2025-11-27T06:13:01.371378Z","level":"info","event":"Processed: 173 - CUONG PHU QUOC","logger":"root","filename":"vietrace_automated.py","lineno":130}
{"timestamp":"2025-11-27T06:13:01.901351Z","level":"info","event":"Processed: 174 - PHUC NGUYEN TIEN","logger":"root","filename":"vietrace_automated.py","lineno":130}
{"timestamp":"2025-11-27T06:13:02.408020Z","level":"info","event":"Processed: 175 - KIEN KIM TUAN","logger":"root","filename":"vietrace_automated.py","lineno":130}
{"timestamp":"2025-11-27T06:13:02.946042Z","level":"info","event":"Processed: 176 - LINH LE THI THUY","logger":"root","filename":"vietrace_automated.py","lineno":130}
{"timestamp":"2025-11-27T06:13:03.459865Z","level":"info","event":"Processed: 177 - Dinh Thanh Ha","logger":"root","filename":"vietrace_automated.py","lineno":130}
{"timestamp":"2025-11-27T06:13:04.063150Z","level":"info","event":"Processed: 178 - HỒ THẾ VĂN","logger":"root","filename":"vietrace_automated.py","lineno":130}
{"timestamp":"2025-11-27T06:13:04.600965Z","level":"info","event":"Processed: 179 - TRAN LE HOANG THINH","logger":"root","filename":"vietrace_automated.py","lineno":130}
{"timestamp":"2025-11-27T06:13:05.163072Z","level":"info","event":"Processed: 180 - LE THI QUOC OANH","logger":"root","filename":"vietrace_automated.py","lineno":130}
{"timestamp":"2025-11-27T06:13:05.236874Z","level":"info","event":"Total pagination elements: 16","logger":"root","filename":"vietrace_automated.py","lineno":152}
{"timestamp":"2025-11-27T06:13:07.503089Z","level":"info","event":"Processing page 19","logger":"root","filename":"vietrace_automated.py","lineno":76}
{"timestamp":"2025-11-27T06:13:09.742383Z","level":"info","event":"Found 10 visible athletes on page 19","logger":"root","filename":"vietrace_automated.py","lineno":89}
{"timestamp":"2025-11-27T06:13:10.296190Z","level":"info","event":"Processed: 181 - Nguyễn Đức Đoan","logger":"root","filename":"vietrace_automated.py","lineno":130}
{"timestamp":"2025-11-27T06:13:10.859807Z","level":"info","event":"Processed: 182 - Trần Thanh","logger":"root","filename":"vietrace_automated.py","lineno":130}
{"timestamp":"2025-11-27T06:13:11.440792Z","level":"info","event":"Processed: 183 - Nguyễn Văn Thọ","logger":"root","filename":"vietrace_automated.py","lineno":130}
{"timestamp":"2025-11-27T06:13:12.027433Z","level":"info","event":"Processed: 184 - LONG DANG THANH","logger":"root","filename":"vietrace_automated.py","lineno":130}
{"timestamp":"2025-11-27T06:13:12.552280Z","level":"info","event":"Processed: 185 - NGUYEN VAN NGHIEM","logger":"root","filename":"vietrace_automated.py","lineno":130}
{"timestamp":"2025-11-27T06:13:13.101022Z","level":"info","event":"Processed: 186 - Nguyễn Hoàng Anh","logger":"root","filename":"vietrace_automated.py","lineno":130}
{"timestamp":"2025-11-27T06:13:13.591226Z","level":"info","event":"Processed: 187 - NGUYEN HUU HIEU","logger":"root","filename":"vietrace_automated.py","lineno":130}
{"timestamp":"2025-11-27T06:13:14.182178Z","level":"info","event":"Processed: 188 - VUONG NGUYEN VIET","logger":"root","filename":"vietrace_automated.py","lineno":130}
{"timestamp":"2025-11-27T06:13:14.720888Z","level":"info","event":"Processed: 189 - VU NGOC MINH","logger":"root","filename":"vietrace_automated.py","lineno":130}
{"timestamp":"2025-11-27T06:13:15.250952Z","level":"info","event":"Processed: 190 - NHAN NGUYEN THANH","logger":"root","filename":"vietrace_automated.py","lineno":130}
{"timestamp":"2025-11-27T06:13:15.356445Z","level":"info","event":"Total pagination elements: 16","logger":"root","filename":"vietrace_automated.py","lineno":152}
{"timestamp":"2025-11-27T06:13:17.600737Z","level":"info","event":"Processing page 20","logger":"root","filename":"vietrace_automated.py","lineno":76}
{"timestamp":"2025-11-27T06:13:19.832927Z","level":"info","event":"Found 10 visible athletes on page 20","logger":"root","filename":"vietrace_automated.py","lineno":89}
{"timestamp":"2025-11-27T06:13:20.354509Z","level":"info","event":"Processed: 191 - ANH VU NGOC","logger":"root","filename":"vietrace_automated.py","lineno":130}
{"timestamp":"2025-11-27T06:13:20.880754Z","level":"info","event":"Processed: 192 - B20dcat015_Nguyễn Đăng Tuấn Bảo","logger":"root","filename":"vietrace_automated.py","lineno":130}
{"timestamp":"2025-11-27T06:13:21.410988Z","level":"info","event":"Processed: 193 - DANG DANH DUNG","logger":"root","filename":"vietrace_automated.py","lineno":130}
{"timestamp":"2025-11-27T06:13:21.956172Z","level":"info","event":"Processed: 194 - KHUAT THANH NAM","logger":"root","filename":"vietrace_automated.py","lineno":130}
{"timestamp":"2025-11-27T06:13:22.453132Z","level":"info","event":"Processed: 195 - Nguyễn Mơ","logger":"root","filename":"vietrace_automated.py","lineno":130}
{"timestamp":"2025-11-27T06:13:22.999965Z","level":"info","event":"Processed: 196 - BUI THE LINH","logger":"root","filename":"vietrace_automated.py","lineno":130}
{"timestamp":"2025-11-27T06:13:23.478508Z","level":"info","event":"Processed: 197 - vũ tuấn hoàng","logger":"root","filename":"vietrace_automated.py","lineno":130}
{"timestamp":"2025-11-27T06:13:24.048512Z","level":"info","event":"Processed: 198 - TRINH QUOC ANH","logger":"root","filename":"vietrace_automated.py","lineno":130}
{"timestamp":"2025-11-27T06:13:24.544902Z","level":"info","event":"Processed: 199 - VAN NGUYEN THI HAI","logger":"root","filename":"vietrace_automated.py","lineno":130}
{"timestamp":"2025-11-27T06:13:25.066677Z","level":"info","event":"Processed: 200 - Trần Thuỳ","logger":"root","filename":"vietrace_automated.py","lineno":130}
{"timestamp":"2025-11-27T06:13:25.125064Z","level":"info","event":"Total pagination elements: 16","logger":"root","filename":"vietrace_automated.py","lineno":152}
{"timestamp":"2025-11-27T06:13:27.382716Z","level":"info","event":"Processing page 21","logger":"root","filename":"vietrace_automated.py","lineno":76}
{"timestamp":"2025-11-27T06:13:29.606096Z","level":"info","event":"Found 10 visible athletes on page 21","logger":"root","filename":"vietrace_automated.py","lineno":89}
{"timestamp":"2025-11-27T06:13:30.125144Z","level":"info","event":"Processed: 201 - Văn Tân Nguyễn","logger":"root","filename":"vietrace_automated.py","lineno":130}
{"timestamp":"2025-11-27T06:13:30.635072Z","level":"info","event":"Processed: 202 - Văn Định Lê","logger":"root","filename":"vietrace_automated.py","lineno":130}
{"timestamp":"2025-11-27T06:13:31.184818Z","level":"info","event":"Processed: 203 - LE VAN QUY","logger":"root","filename":"vietrace_automated.py","lineno":130}
{"timestamp":"2025-11-27T06:13:31.740363Z","level":"info","event":"Processed: 204 - Vũ Quỳ","logger":"root","filename":"vietrace_automated.py","lineno":130}
{"timestamp":"2025-11-27T06:13:32.258784Z","level":"info","event":"Processed: 205 - DINH BA Phuc","logger":"root","filename":"vietrace_automated.py","lineno":130}
{"timestamp":"2025-11-27T06:13:32.758619Z","level":"info","event":"Processed: 206 - HUYNH THI KIEU NGAN","logger":"root","filename":"vietrace_automated.py","lineno":130}
{"timestamp":"2025-11-27T06:13:33.303448Z","level":"info","event":"Processed: 207 - PHUONG NGUYEN LAN","logger":"root","filename":"vietrace_automated.py","lineno":130}
{"timestamp":"2025-11-27T06:13:33.817362Z","level":"info","event":"Processed: 208 - Tran Nhat Tan","logger":"root","filename":"vietrace_automated.py","lineno":130}
{"timestamp":"2025-11-27T06:13:34.429303Z","level":"info","event":"Processed: 209 - Hieu Duong","logger":"root","filename":"vietrace_automated.py","lineno":130}
{"timestamp":"2025-11-27T06:13:34.945909Z","level":"info","event":"Processed: 210 - Chu Mạnh","logger":"root","filename":"vietrace_automated.py","lineno":130}
{"timestamp":"2025-11-27T06:13:35.018320Z","level":"info","event":"Total pagination elements: 16","logger":"root","filename":"vietrace_automated.py","lineno":152}
{"timestamp":"2025-11-27T06:13:37.277054Z","level":"info","event":"Processing page 22","logger":"root","filename":"vietrace_automated.py","lineno":76}
{"timestamp":"2025-11-27T06:13:39.519161Z","level":"info","event":"Found 10 visible athletes on page 22","logger":"root","filename":"vietrace_automated.py","lineno":89}
{"timestamp":"2025-11-27T06:13:40.037227Z","level":"info","event":"Processed: 211 - QUACH DAI QUANG","logger":"root","filename":"vietrace_automated.py","lineno":130}
{"timestamp":"2025-11-27T06:13:40.598418Z","level":"info","event":"Processed: 212 - Hoang Nguyen Van","logger":"root","filename":"vietrace_automated.py","lineno":130}
{"timestamp":"2025-11-27T06:13:41.140935Z","level":"info","event":"Processed: 213 - NGÔ VĂN ĐẠT","logger":"root","filename":"vietrace_automated.py","lineno":130}
{"timestamp":"2025-11-27T06:13:41.689219Z","level":"info","event":"Processed: 214 - LE THI HAI YEN","logger":"root","filename":"vietrace_automated.py","lineno":130}
{"timestamp":"2025-11-27T06:13:42.230867Z","level":"info","event":"Processed: 215 - Phan Minh Ngà","logger":"root","filename":"vietrace_automated.py","lineno":130}
{"timestamp":"2025-11-27T06:13:42.757128Z","level":"info","event":"Processed: 216 - UY DO CHANH","logger":"root","filename":"vietrace_automated.py","lineno":130}
{"timestamp":"2025-11-27T06:13:43.296695Z","level":"info","event":"Processed: 217 - Nguyễn Phong","logger":"root","filename":"vietrace_automated.py","lineno":130}
{"timestamp":"2025-11-27T06:13:43.838363Z","level":"info","event":"Processed: 218 - VUONG QUOC SON","logger":"root","filename":"vietrace_automated.py","lineno":130}
{"timestamp":"2025-11-27T06:13:44.386835Z","level":"info","event":"Processed: 219 - HUYỀN LINH NGUYỄN","logger":"root","filename":"vietrace_automated.py","lineno":130}
{"timestamp":"2025-11-27T06:13:44.883036Z","level":"info","event":"Processed: 220 - Nguyễn Thị Bích Hồng","logger":"root","filename":"vietrace_automated.py","lineno":130}
{"timestamp":"2025-11-27T06:13:44.950835Z","level":"info","event":"Total pagination elements: 16","logger":"root","filename":"vietrace_automated.py","lineno":152}
{"timestamp":"2025-11-27T06:13:47.203213Z","level":"info","event":"Processing page 23","logger":"root","filename":"vietrace_automated.py","lineno":76}
{"timestamp":"2025-11-27T06:13:49.449590Z","level":"info","event":"Found 7 visible athletes on page 23","logger":"root","filename":"vietrace_automated.py","lineno":89}
{"timestamp":"2025-11-27T06:13:50.015477Z","level":"info","event":"Processed: 211 - QUACH DAI QUANG","logger":"root","filename":"vietrace_automated.py","lineno":130}
{"timestamp":"2025-11-27T06:13:50.562492Z","level":"info","event":"Processed: 212 - Hoang Nguyen Van","logger":"root","filename":"vietrace_automated.py","lineno":130}
{"timestamp":"2025-11-27T06:13:51.132005Z","level":"info","event":"Processed: 213 - NGÔ VĂN ĐẠT","logger":"root","filename":"vietrace_automated.py","lineno":130}
{"timestamp":"2025-11-27T06:13:51.679165Z","level":"info","event":"Processed: 214 - LE THI HAI YEN","logger":"root","filename":"vietrace_automated.py","lineno":130}
{"timestamp":"2025-11-27T06:13:52.206866Z","level":"info","event":"Processed: 215 - Phan Minh Ngà","logger":"root","filename":"vietrace_automated.py","lineno":130}
{"timestamp":"2025-11-27T06:13:52.719985Z","level":"info","event":"Processed: 216 - UY DO CHANH","logger":"root","filename":"vietrace_automated.py","lineno":130}
{"timestamp":"2025-11-27T06:13:53.254613Z","level":"info","event":"Processed: 217 - Nguyễn Phong","logger":"root","filename":"vietrace_automated.py","lineno":130}
{"timestamp":"2025-11-27T06:13:53.325048Z","level":"info","event":"Total pagination elements: 16","logger":"root","filename":"vietrace_automated.py","lineno":152}
{"timestamp":"2025-11-27T06:13:55.570739Z","level":"info","event":"Processing page 24","logger":"root","filename":"vietrace_automated.py","lineno":76}
{"timestamp":"2025-11-27T06:13:57.806042Z","level":"info","event":"Found 10 visible athletes on page 24","logger":"root","filename":"vietrace_automated.py","lineno":89}
{"timestamp":"2025-11-27T06:13:58.309858Z","level":"info","event":"Processed: 231 - Phan Tu","logger":"root","filename":"vietrace_automated.py","lineno":130}
{"timestamp":"2025-11-27T06:13:58.826429Z","level":"info","event":"Processed: 232 - Dung Bui","logger":"root","filename":"vietrace_automated.py","lineno":130}
{"timestamp":"2025-11-27T06:13:59.347332Z","level":"info","event":"Processed: 233 - Doan Anh","logger":"root","filename":"vietrace_automated.py","lineno":130}
{"timestamp":"2025-11-27T06:13:59.889346Z","level":"info","event":"Processed: 234 - TAM VUONG SY","logger":"root","filename":"vietrace_automated.py","lineno":130}
{"timestamp":"2025-11-27T06:14:00.426951Z","level":"info","event":"Processed: 235 - Nguyen Nga","logger":"root","filename":"vietrace_automated.py","lineno":130}
{"timestamp":"2025-11-27T06:14:00.967548Z","level":"info","event":"Processed: 236 - Trần Hải","logger":"root","filename":"vietrace_automated.py","lineno":130}
{"timestamp":"2025-11-27T06:14:01.502632Z","level":"info","event":"Processed: 237 - BUI THI HONG NHUNG","logger":"root","filename":"vietrace_automated.py","lineno":130}
{"timestamp":"2025-11-27T06:14:02.070511Z","level":"info","event":"Processed: 238 - Bùi Hương","logger":"root","filename":"vietrace_automated.py","lineno":130}
{"timestamp":"2025-11-27T06:14:02.612260Z","level":"info","event":"Processed: 239 - ĐINH VIỆT HOÀNG","logger":"root","filename":"vietrace_automated.py","lineno":130}
{"timestamp":"2025-11-27T06:14:03.126838Z","level":"info","event":"Processed: 240 - LE MANH LINH","logger":"root","filename":"vietrace_automated.py","lineno":130}
{"timestamp":"2025-11-27T06:14:03.198248Z","level":"info","event":"Total pagination elements: 16","logger":"root","filename":"vietrace_automated.py","lineno":152}
{"timestamp":"2025-11-27T06:14:05.433063Z","level":"info","event":"Processing page 25","logger":"root","filename":"vietrace_automated.py","lineno":76}
{"timestamp":"2025-11-27T06:14:07.653448Z","level":"info","event":"Found 10 visible athletes on page 25","logger":"root","filename":"vietrace_automated.py","lineno":89}
{"timestamp":"2025-11-27T06:14:08.213033Z","level":"info","event":"Processed: 241 - NHUT TRAN MINH","logger":"root","filename":"vietrace_automated.py","lineno":130}
{"timestamp":"2025-11-27T06:14:08.771830Z","level":"info","event":"Processed: 242 - DOAN TRONG KHANG","logger":"root","filename":"vietrace_automated.py","lineno":130}
{"timestamp":"2025-11-27T06:14:09.267720Z","level":"info","event":"Processed: 243 - PHUONG NGUYEN THI","logger":"root","filename":"vietrace_automated.py","lineno":130}
{"timestamp":"2025-11-27T06:14:09.798992Z","level":"info","event":"Processed: 244 - Huỳnh Phương","logger":"root","filename":"vietrace_automated.py","lineno":130}
{"timestamp":"2025-11-27T06:14:10.339773Z","level":"info","event":"Processed: 245 - QUOC THIEU MINH","logger":"root","filename":"vietrace_automated.py","lineno":130}
{"timestamp":"2025-11-27T06:14:10.852200Z","level":"info","event":"Processed: 246 - Huy Duong Pham","logger":"root","filename":"vietrace_automated.py","lineno":130}
{"timestamp":"2025-11-27T06:14:11.381552Z","level":"info","event":"Processed: 247 - TUNG HOANG TRONG","logger":"root","filename":"vietrace_automated.py","lineno":130}
{"timestamp":"2025-11-27T06:14:11.936674Z","level":"info","event":"Processed: 248 - THUY LANG DUC","logger":"root","filename":"vietrace_automated.py","lineno":130}
{"timestamp":"2025-11-27T06:14:12.475443Z","level":"info","event":"Processed: 249 - Lucky Cetonia","logger":"root","filename":"vietrace_automated.py","lineno":130}
{"timestamp":"2025-11-27T06:14:13.004252Z","level":"info","event":"Processed: 250 - TRAN XUAN TRUONG","logger":"root","filename":"vietrace_automated.py","lineno":130}
{"timestamp":"2025-11-27T06:14:13.075546Z","level":"info","event":"Total pagination elements: 16","logger":"root","filename":"vietrace_automated.py","lineno":152}
{"timestamp":"2025-11-27T06:14:15.311159Z","level":"info","event":"Processing page 26","logger":"root","filename":"vietrace_automated.py","lineno":76}
{"timestamp":"2025-11-27T06:14:17.531109Z","level":"info","event":"Found 10 visible athletes on page 26","logger":"root","filename":"vietrace_automated.py","lineno":89}
{"timestamp":"2025-11-27T06:14:18.056979Z","level":"info","event":"Processed: 251 - CHINH Thanh","logger":"root","filename":"vietrace_automated.py","lineno":130}
{"timestamp":"2025-11-27T06:14:18.589446Z","level":"info","event":"Processed: 252 - NHUNG PHAM T HONG","logger":"root","filename":"vietrace_automated.py","lineno":130}
{"timestamp":"2025-11-27T06:14:19.121594Z","level":"info","event":"Processed: 253 - Lê Đoàn Sơn Nguyên","logger":"root","filename":"vietrace_automated.py","lineno":130}
{"timestamp":"2025-11-27T06:14:19.642114Z","level":"info","event":"Processed: 254 - NgocND","logger":"root","filename":"vietrace_automated.py","lineno":130}
{"timestamp":"2025-11-27T06:14:20.182722Z","level":"info","event":"Processed: 255 - NGUYEN THANH DANH","logger":"root","filename":"vietrace_automated.py","lineno":130}
{"timestamp":"2025-11-27T06:14:20.725583Z","level":"info","event":"Processed: 256 - NGUYEN DUC HIEU","logger":"root","filename":"vietrace_automated.py","lineno":130}
{"timestamp":"2025-11-27T06:14:21.269471Z","level":"info","event":"Processed: 257 - THU NGUYEN THI THANH","logger":"root","filename":"vietrace_automated.py","lineno":130}
{"timestamp":"2025-11-27T06:14:21.810360Z","level":"info","event":"Processed: 258 - NHUNG TRUONG THI HONG","logger":"root","filename":"vietrace_automated.py","lineno":130}
{"timestamp":"2025-11-27T06:14:22.364207Z","level":"info","event":"Processed: 259 - DANG NGOC THANH","logger":"root","filename":"vietrace_automated.py","lineno":130}
{"timestamp":"2025-11-27T06:14:22.871829Z","level":"info","event":"Processed: 260 - Thu Hà Nguyễn","logger":"root","filename":"vietrace_automated.py","lineno":130}
{"timestamp":"2025-11-27T06:14:22.944537Z","level":"info","event":"Total pagination elements: 16","logger":"root","filename":"vietrace_automated.py","lineno":152}
{"timestamp":"2025-11-27T06:14:25.195786Z","level":"info","event":"Processing page 27","logger":"root","filename":"vietrace_automated.py","lineno":76}
{"timestamp":"2025-11-27T06:14:27.437132Z","level":"info","event":"Found 10 visible athletes on page 27","logger":"root","filename":"vietrace_automated.py","lineno":89}
{"timestamp":"2025-11-27T06:14:27.941864Z","level":"info","event":"Processed: 261 - TUNG NGUYEN XUAN","logger":"root","filename":"vietrace_automated.py","lineno":130}
{"timestamp":"2025-11-27T06:14:28.433292Z","level":"info","event":"Processed: 262 - NGUYEN NGOC LAM","logger":"root","filename":"vietrace_automated.py","lineno":130}
{"timestamp":"2025-11-27T06:14:28.918195Z","level":"info","event":"Processed: 263 - DINH XUAN BAO","logger":"root","filename":"vietrace_automated.py","lineno":130}
{"timestamp":"2025-11-27T06:14:29.405853Z","level":"info","event":"Processed: 264 - DO DUC THANH","logger":"root","filename":"vietrace_automated.py","lineno":130}
{"timestamp":"2025-11-27T06:14:29.944996Z","level":"info","event":"Processed: 265 - NHUNG NGUYEN THI","logger":"root","filename":"vietrace_automated.py","lineno":130}
{"timestamp":"2025-11-27T06:14:30.477134Z","level":"info","event":"Processed: 266 - Dao Van Nam","logger":"root","filename":"vietrace_automated.py","lineno":130}
{"timestamp":"2025-11-27T06:14:31.020256Z","level":"info","event":"Processed: 267 - THAO NGUYEN BICH","logger":"root","filename":"vietrace_automated.py","lineno":130}
{"timestamp":"2025-11-27T06:14:31.563769Z","level":"info","event":"Processed: 268 - Lâm Trang","logger":"root","filename":"vietrace_automated.py","lineno":130}
{"timestamp":"2025-11-27T06:14:32.103265Z","level":"info","event":"Processed: 269 - Dinh Nam Nhut","logger":"root","filename":"vietrace_automated.py","lineno":130}
{"timestamp":"2025-11-27T06:14:32.591889Z","level":"info","event":"Processed: 270 - LE TRAN GIANG DINH","logger":"root","filename":"vietrace_automated.py","lineno":130}
{"timestamp":"2025-11-27T06:14:32.657108Z","level":"info","event":"Total pagination elements: 16","logger":"root","filename":"vietrace_automated.py","lineno":152}
{"timestamp":"2025-11-27T06:14:34.888322Z","level":"info","event":"Processing page 28","logger":"root","filename":"vietrace_automated.py","lineno":76}
{"timestamp":"2025-11-27T06:14:37.166474Z","level":"info","event":"Found 10 visible athletes on page 28","logger":"root","filename":"vietrace_automated.py","lineno":89}
{"timestamp":"2025-11-27T06:14:37.704631Z","level":"info","event":"Processed: 271 - Phan Hoang","logger":"root","filename":"vietrace_automated.py","lineno":130}
{"timestamp":"2025-11-27T06:14:38.261440Z","level":"info","event":"Processed: 272 - NGUYEN VAN HO","logger":"root","filename":"vietrace_automated.py","lineno":130}
{"timestamp":"2025-11-27T06:14:38.805262Z","level":"info","event":"Processed: 273 - Lương Thanh Tùng","logger":"root","filename":"vietrace_automated.py","lineno":130}
{"timestamp":"2025-11-27T06:14:39.315135Z","level":"info","event":"Processed: 274 - NGUYEN HOANG HIEU","logger":"root","filename":"vietrace_automated.py","lineno":130}
{"timestamp":"2025-11-27T06:14:39.878129Z","level":"info","event":"Processed: 275 - NGUYEN TIEN KHANH","logger":"root","filename":"vietrace_automated.py","lineno":130}
{"timestamp":"2025-11-27T06:14:40.402796Z","level":"info","event":"Processed: 276 - TRAN THI HIEU","logger":"root","filename":"vietrace_automated.py","lineno":130}
{"timestamp":"2025-11-27T06:14:40.930263Z","level":"info","event":"Processed: 277 - Tran Duy","logger":"root","filename":"vietrace_automated.py","lineno":130}
{"timestamp":"2025-11-27T06:14:41.451726Z","level":"info","event":"Processed: 278 - VINH LE HOANG","logger":"root","filename":"vietrace_automated.py","lineno":130}
{"timestamp":"2025-11-27T06:14:41.956264Z","level":"info","event":"Processed: 279 - Nguyen Huy","logger":"root","filename":"vietrace_automated.py","lineno":130}
{"timestamp":"2025-11-27T06:14:42.502689Z","level":"info","event":"Processed: 280 - HUONG DANG TRAN LAN","logger":"root","filename":"vietrace_automated.py","lineno":130}
{"timestamp":"2025-11-27T06:14:42.565439Z","level":"info","event":"Total pagination elements: 16","logger":"root","filename":"vietrace_automated.py","lineno":152}
{"timestamp":"2025-11-27T06:14:44.813918Z","level":"info","event":"Processing page 29","logger":"root","filename":"vietrace_automated.py","lineno":76}
{"timestamp":"2025-11-27T06:14:47.048677Z","level":"info","event":"Found 10 visible athletes on page 29","logger":"root","filename":"vietrace_automated.py","lineno":89}
{"timestamp":"2025-11-27T06:14:47.573059Z","level":"info","event":"Processed: 281 - Dang Son","logger":"root","filename":"vietrace_automated.py","lineno":130}
{"timestamp":"2025-11-27T06:14:48.123996Z","level":"info","event":"Processed: 282 - DAC CHU SY","logger":"root","filename":"vietrace_automated.py","lineno":130}
{"timestamp":"2025-11-27T06:14:48.656255Z","level":"info","event":"Processed: 283 - DUC LUYEN TIEN","logger":"root","filename":"vietrace_automated.py","lineno":130}
{"timestamp":"2025-11-27T06:14:49.180231Z","level":"info","event":"Processed: 284 - Trần Việt Anh","logger":"root","filename":"vietrace_automated.py","lineno":130}
{"timestamp":"2025-11-27T06:14:49.715816Z","level":"info","event":"Processed: 285 - NGUYEN DUC THANH","logger":"root","filename":"vietrace_automated.py","lineno":130}
{"timestamp":"2025-11-27T06:14:50.216076Z","level":"info","event":"Processed: 286 - HÙNG VŨ VIỆT","logger":"root","filename":"vietrace_automated.py","lineno":130}
{"timestamp":"2025-11-27T06:14:50.742955Z","level":"info","event":"Processed: 287 - BUI THI TUYET MAI","logger":"root","filename":"vietrace_automated.py","lineno":130}
{"timestamp":"2025-11-27T06:14:51.268030Z","level":"info","event":"Processed: 288 - NGUYEN VIET DUC","logger":"root","filename":"vietrace_automated.py","lineno":130}
{"timestamp":"2025-11-27T06:14:51.809430Z","level":"info","event":"Processed: 289 - Luong Vy","logger":"root","filename":"vietrace_automated.py","lineno":130}
{"timestamp":"2025-11-27T06:14:52.352552Z","level":"info","event":"Processed: 290 - HUY NGUYỄN AN","logger":"root","filename":"vietrace_automated.py","lineno":130}
{"timestamp":"2025-11-27T06:14:52.418330Z","level":"info","event":"Total pagination elements: 16","logger":"root","filename":"vietrace_automated.py","lineno":152}
{"timestamp":"2025-11-27T06:14:54.676099Z","level":"info","event":"Processing page 30","logger":"root","filename":"vietrace_automated.py","lineno":76}
{"timestamp":"2025-11-27T06:14:56.900148Z","level":"info","event":"Found 10 visible athletes on page 30","logger":"root","filename":"vietrace_automated.py","lineno":89}
{"timestamp":"2025-11-27T06:14:57.419451Z","level":"info","event":"Processed: 291 - Trần Thị Huyền Tâm","logger":"root","filename":"vietrace_automated.py","lineno":130}
{"timestamp":"2025-11-27T06:14:57.973556Z","level":"info","event":"Processed: 292 - Hau Tran Phuoc","logger":"root","filename":"vietrace_automated.py","lineno":130}
{"timestamp":"2025-11-27T06:14:58.491574Z","level":"info","event":"Processed: 293 - Minh Duy Vu","logger":"root","filename":"vietrace_automated.py","lineno":130}
{"timestamp":"2025-11-27T06:14:59.015962Z","level":"info","event":"Processed: 294 - DAT NGUYEN QUOC","logger":"root","filename":"vietrace_automated.py","lineno":130}
{"timestamp":"2025-11-27T06:14:59.513540Z","level":"info","event":"Processed: 295 - Ho Quoc Thang","logger":"root","filename":"vietrace_automated.py","lineno":130}
{"timestamp":"2025-11-27T06:15:00.043150Z","level":"info","event":"Processed: 296 - TRAM VO HUYEN","logger":"root","filename":"vietrace_automated.py","lineno":130}
{"timestamp":"2025-11-27T06:15:00.571997Z","level":"info","event":"Processed: 297 - NGUYEN MINH TU","logger":"root","filename":"vietrace_automated.py","lineno":130}
{"timestamp":"2025-11-27T06:15:01.120859Z","level":"info","event":"Processed: 298 - HA KIEU MY","logger":"root","filename":"vietrace_automated.py","lineno":130}
{"timestamp":"2025-11-27T06:15:01.649223Z","level":"info","event":"Processed: 299 - Linh Nguyen","logger":"root","filename":"vietrace_automated.py","lineno":130}
{"timestamp":"2025-11-27T06:15:02.215125Z","level":"info","event":"Processed: 300 - Nguyễn Quang Thành","logger":"root","filename":"vietrace_automated.py","lineno":130}
{"timestamp":"2025-11-27T06:15:02.288608Z","level":"info","event":"Total pagination elements: 16","logger":"root","filename":"vietrace_automated.py","lineno":152}
{"timestamp":"2025-11-27T06:15:04.539262Z","level":"info","event":"Processing page 31","logger":"root","filename":"vietrace_automated.py","lineno":76}
{"timestamp":"2025-11-27T06:15:06.788036Z","level":"info","event":"Found 10 visible athletes on page 31","logger":"root","filename":"vietrace_automated.py","lineno":89}
{"timestamp":"2025-11-27T06:15:07.375265Z","level":"info","event":"Processed: 301 - Nguyễn Vân","logger":"root","filename":"vietrace_automated.py","lineno":130}
{"timestamp":"2025-11-27T06:15:07.905790Z","level":"info","event":"Processed: 302 - Le Hai","logger":"root","filename":"vietrace_automated.py","lineno":130}
{"timestamp":"2025-11-27T06:15:08.436675Z","level":"info","event":"Processed: 303 - NGUYEN KHAC XUAN BACH","logger":"root","filename":"vietrace_automated.py","lineno":130}
{"timestamp":"2025-11-27T06:15:08.957729Z","level":"info","event":"Processed: 304 - NGUYEN DUY THONG","logger":"root","filename":"vietrace_automated.py","lineno":130}
{"timestamp":"2025-11-27T06:15:09.492759Z","level":"info","event":"Processed: 305 - Dao Tan","logger":"root","filename":"vietrace_automated.py","lineno":130}
{"timestamp":"2025-11-27T06:15:10.033519Z","level":"info","event":"Processed: 306 - HA BUI THU","logger":"root","filename":"vietrace_automated.py","lineno":130}
{"timestamp":"2025-11-27T06:15:10.554710Z","level":"info","event":"Processed: 307 - HO MINH CHI TAN","logger":"root","filename":"vietrace_automated.py","lineno":130}
{"timestamp":"2025-11-27T06:15:11.080598Z","level":"info","event":"Processed: 308 - TAN TRAN HUYNH MINH","logger":"root","filename":"vietrace_automated.py","lineno":130}
{"timestamp":"2025-11-27T06:15:11.645948Z","level":"info","event":"Processed: 309 - Luân Đặng Văn","logger":"root","filename":"vietrace_automated.py","lineno":130}
{"timestamp":"2025-11-27T06:15:12.159764Z","level":"info","event":"Processed: 310 - HUYNH THAI HOA","logger":"root","filename":"vietrace_automated.py","lineno":130}
{"timestamp":"2025-11-27T06:15:12.237614Z","level":"info","event":"Total pagination elements: 13","logger":"root","filename":"vietrace_automated.py","lineno":152}
{"timestamp":"2025-11-27T06:15:14.447343Z","level":"info","event":"Processing page 32","logger":"root","filename":"vietrace_automated.py","lineno":76}
{"timestamp":"2025-11-27T06:15:16.664863Z","level":"info","event":"Found 10 visible athletes on page 32","logger":"root","filename":"vietrace_automated.py","lineno":89}
{"timestamp":"2025-11-27T06:15:17.206283Z","level":"info","event":"Processed: 311 - Nguyễn Hải Hạnh","logger":"root","filename":"vietrace_automated.py","lineno":130}
{"timestamp":"2025-11-27T06:15:17.722860Z","level":"info","event":"Processed: 312 - NGUYEN ANH QUAN","logger":"root","filename":"vietrace_automated.py","lineno":130}
{"timestamp":"2025-11-27T06:15:18.270206Z","level":"info","event":"Processed: 313 - NGUYEN NGOC DUY","logger":"root","filename":"vietrace_automated.py","lineno":130}
{"timestamp":"2025-11-27T06:15:18.781026Z","level":"info","event":"Processed: 314 - Nguyen Diep","logger":"root","filename":"vietrace_automated.py","lineno":130}
{"timestamp":"2025-11-27T06:15:19.311751Z","level":"info","event":"Processed: 315 - Tùng Nguyễn Xuân","logger":"root","filename":"vietrace_automated.py","lineno":130}
{"timestamp":"2025-11-27T06:15:19.813404Z","level":"info","event":"Processed: 316 - NGUYEN HOANG LONG","logger":"root","filename":"vietrace_automated.py","lineno":130}
{"timestamp":"2025-11-27T06:15:20.340011Z","level":"info","event":"Processed: 317 - PHUNG THI HUONG","logger":"root","filename":"vietrace_automated.py","lineno":130}
{"timestamp":"2025-11-27T06:15:20.866665Z","level":"info","event":"Processed: 318 - LÊ QUANG TÂM","logger":"root","filename":"vietrace_automated.py","lineno":130}
{"timestamp":"2025-11-27T06:15:21.400441Z","level":"info","event":"Processed: 319 - AN PHAN TRUONG","logger":"root","filename":"vietrace_automated.py","lineno":130}
{"timestamp":"2025-11-27T06:15:21.892864Z","level":"info","event":"Processed: 320 - LIEM PHAN HOANG GIA","logger":"root","filename":"vietrace_automated.py","lineno":130}
{"timestamp":"2025-11-27T06:15:21.970072Z","level":"info","event":"Total pagination elements: 13","logger":"root","filename":"vietrace_automated.py","lineno":152}
{"timestamp":"2025-11-27T06:15:24.163942Z","level":"info","event":"Processing page 33","logger":"root","filename":"vietrace_automated.py","lineno":76}
{"timestamp":"2025-11-27T06:15:26.272981Z","level":"info","event":"Found 4 visible athletes on page 33","logger":"root","filename":"vietrace_automated.py","lineno":89}
{"timestamp":"2025-11-27T06:15:26.699907Z","level":"info","event":"Processed: 321 - HIEU NGUYEN XUAN","logger":"root","filename":"vietrace_automated.py","lineno":130}
{"timestamp":"2025-11-27T06:15:27.135551Z","level":"info","event":"Processed: 322 - Phạm Tân","logger":"root","filename":"vietrace_automated.py","lineno":130}
{"timestamp":"2025-11-27T06:15:27.558733Z","level":"info","event":"Processed: 323 - Tấn Thành Phạm","logger":"root","filename":"vietrace_automated.py","lineno":130}
{"timestamp":"2025-11-27T06:15:27.971650Z","level":"info","event":"Processed: 324 - HIEU LE BA","logger":"root","filename":"vietrace_automated.py","lineno":130}
{"timestamp":"2025-11-27T06:15:28.048048Z","level":"info","event":"Total pagination elements: 13","logger":"root","filename":"vietrace_automated.py","lineno":152}
{"timestamp":"2025-11-27T06:15:28.155612Z","level":"info","event":"Reached last page!","logger":"root","filename":"vietrace_automated.py","lineno":161}
{"timestamp":"2025-11-27T06:15:28.329559Z","level":"info","event":"Saved scoreboard to /opt/airflow/data/vietrace/20251127_131001_scoreboard.csv","logger":"root","filename":"vietrace_automated.py","lineno":208}
{"timestamp":"2025-11-27T06:15:28.330667Z","level":"info","event":"Done. Returned value was: /opt/airflow/data/vietrace/20251127_131001_scoreboard.csv","logger":"airflow.task.operators.airflow.providers.standard.decorators.python._PythonDecoratedOperator","filename":"python.py","lineno":215}
{"timestamp":"2025-11-27T06:15:28.332630Z","level":"info","event":"Pushing xcom","ti":"RuntimeTaskInstance(id=UUID('019ac3ee-d3d6-7959-b61f-9fa8520f67a4'), task_id='scrape', dag_id='automated_vietrace_scraper', run_id='scheduled__2025-11-27T06:10:00+00:00', try_number=1, dag_version_id=UUID('019ac30d-d75c-796b-a994-68ad82c7144b'), map_index=-1, hostname='46b00f18a0ef', context_carrier={}, task=<Task(_PythonDecoratedOperator): scrape>, bundle_instance=LocalDagBundle(name=dags-folder), max_tries=3, start_date=datetime.datetime(2025, 11, 27, 6, 10, 0, 389031, tzinfo=datetime.timezone.utc), end_date=None, state=<TaskInstanceState.RUNNING: 'running'>, is_mapped=False, rendered_map_index=None)","logger":"task","filename":"task_runner.py","lineno":1360}
{"timestamp":"2025-11-27T06:15:28.388146Z","level":"info","event":"Task instance in success state","logger":"task.stdout"}
{"timestamp":"2025-11-27T06:15:28.388746Z","level":"info","event":" Previous state of the Task instance: TaskInstanceState.RUNNING","logger":"task.stdout"}
{"timestamp":"2025-11-27T06:15:28.389337Z","level":"info","event":"Task operator:<Task(_PythonDecoratedOperator): scrape>","logger":"task.stdout"}
